2026-04-19 21:36:13.872 | INFO     | __main__:main:94 - ============================================================
2026-04-19 21:36:13.872 | INFO     | __main__:main:95 - Smart Farming — Crop Price Prediction
2026-04-19 21:36:13.872 | INFO     | __main__:main:96 - Crop: wheat | State: Punjab
2026-04-19 21:36:13.872 | INFO     | __main__:main:97 - Period: 2021-04-20 → 2026-04-19
2026-04-19 21:36:13.872 | INFO     | __main__:main:98 - ============================================================
2026-04-19 21:36:13.872 | INFO     | __main__:main:101 - Step 1/4: Fetching data...
2026-04-19 21:36:13.872 | WARNING  | fetcher:fetch:65 - No API keys found — using synthetic data generator
2026-04-19 21:36:13.876 | INFO     | fetcher:_generate_synthetic:190 - Generated 1826 synthetic rows for wheat in Punjab
2026-04-19 21:36:13.876 | WARNING  | fetcher:fetch:228 - No OpenWeather key — using climate normals
2026-04-19 21:36:13.889 | INFO     | __main__:main:108 - Price rows: 1826 | Weather rows: 1826
2026-04-19 21:36:13.889 | INFO     | __main__:main:111 - Step 2/4: Preprocessing...
2026-04-19 21:36:13.897 | INFO     | preprocessor:merge_datasets:69 - Merged dataset: 1796 rows, 24 columns
2026-04-19 21:36:13.902 | INFO     | preprocessor:save_scalers:99 - Scalers saved → models/scalers/scalers_wheat.pkl
2026-04-19 21:36:13.908 | INFO     | preprocessor:make_dataloaders:181 - Sequences → train: 1280, val: 256, test: 171
2026-04-19 21:36:13.915 | INFO     | __main__:main:118 - Step 3/4: Training LSTM...
2026-04-19 21:36:13.930 | INFO     | lstm_model:get_device:113 - Using Apple MPS
2026-04-19 21:36:13.952 | INFO     | lstm_model:__init__:57 - CropPriceLSTM | features=12 | hidden=128 | layers=3 | horizon=30d | params=347,358
2026-04-19 21:36:13.963 | INFO     | lstm_model:get_device:113 - Using Apple MPS
2026-04-19 21:36:14.354 | INFO     | trainer:train:122 - Training started: 100 epochs | crop=wheat
2026-04-19 21:36:14.354 | INFO     | trainer:train:123 - ------------------------------------------------------------
2026-04-19 21:36:15.142 | INFO     | trainer:train:141 - Epoch 001/100 | train_loss=0.1371 | val_loss=0.1031 | MAE=0.3992 | MAPE=40.62% | lr=1.00e-03 | 1s
2026-04-19 21:36:15.170 | DEBUG    | trainer:_save_checkpoint:186 - Checkpoint saved → models/saved/best_wheat.pt
2026-04-19 21:36:15.616 | INFO     | trainer:train:141 - Epoch 002/100 | train_loss=0.0647 | val_loss=0.0869 | MAE=0.3688 | MAPE=37.29% | lr=1.00e-03 | 1s
2026-04-19 21:36:15.636 | DEBUG    | trainer:_save_checkpoint:186 - Checkpoint saved → models/saved/best_wheat.pt
2026-04-19 21:36:16.060 | INFO     | trainer:train:141 - Epoch 003/100 | train_loss=0.0562 | val_loss=0.0844 | MAE=0.3734 | MAPE=37.83% | lr=1.00e-03 | 2s
2026-04-19 21:36:16.076 | DEBUG    | trainer:_save_checkpoint:186 - Checkpoint saved → models/saved/best_wheat.pt
2026-04-19 21:36:16.495 | INFO     | trainer:train:141 - Epoch 004/100 | train_loss=0.0545 | val_loss=0.0906 | MAE=0.3910 | MAPE=39.60% | lr=1.00e-03 | 2s
2026-04-19 21:36:16.909 | INFO     | trainer:train:141 - Epoch 005/100 | train_loss=0.0508 | val_loss=0.0851 | MAE=0.3681 | MAPE=37.44% | lr=1.00e-03 | 3s
2026-04-19 21:36:17.321 | INFO     | trainer:train:141 - Epoch 006/100 | train_loss=0.0468 | val_loss=0.0765 | MAE=0.3489 | MAPE=35.38% | lr=1.00e-03 | 3s
2026-04-19 21:36:17.334 | DEBUG    | trainer:_save_checkpoint:186 - Checkpoint saved → models/saved/best_wheat.pt
2026-04-19 21:36:17.769 | INFO     | trainer:train:141 - Epoch 007/100 | train_loss=0.0423 | val_loss=0.0687 | MAE=0.3253 | MAPE=32.94% | lr=1.00e-03 | 3s
2026-04-19 21:36:17.784 | DEBUG    | trainer:_save_checkpoint:186 - Checkpoint saved → models/saved/best_wheat.pt
2026-04-19 21:36:18.211 | INFO     | trainer:train:141 - Epoch 008/100 | train_loss=0.0449 | val_loss=0.0741 | MAE=0.3441 | MAPE=34.72% | lr=1.00e-03 | 4s
2026-04-19 21:36:18.622 | INFO     | trainer:train:141 - Epoch 009/100 | train_loss=0.0489 | val_loss=0.0829 | MAE=0.3677 | MAPE=37.15% | lr=1.00e-03 | 4s
2026-04-19 21:36:19.024 | INFO     | trainer:train:141 - Epoch 010/100 | train_loss=0.0436 | val_loss=0.0723 | MAE=0.3331 | MAPE=33.62% | lr=1.00e-03 | 5s
2026-04-19 21:36:19.426 | INFO     | trainer:train:141 - Epoch 011/100 | train_loss=0.0402 | val_loss=0.0620 | MAE=0.2976 | MAPE=30.05% | lr=1.00e-03 | 5s
2026-04-19 21:36:19.440 | DEBUG    | trainer:_save_checkpoint:186 - Checkpoint saved → models/saved/best_wheat.pt
2026-04-19 21:36:19.872 | INFO     | trainer:train:141 - Epoch 012/100 | train_loss=0.0388 | val_loss=0.0621 | MAE=0.3067 | MAPE=30.76% | lr=1.00e-03 | 6s
2026-04-19 21:36:20.308 | INFO     | trainer:train:141 - Epoch 013/100 | train_loss=0.0396 | val_loss=0.0545 | MAE=0.2767 | MAPE=27.62% | lr=1.00e-03 | 6s
2026-04-19 21:36:20.322 | DEBUG    | trainer:_save_checkpoint:186 - Checkpoint saved → models/saved/best_wheat.pt
2026-04-19 21:36:20.760 | INFO     | trainer:train:141 - Epoch 014/100 | train_loss=0.0386 | val_loss=0.0543 | MAE=0.2849 | MAPE=28.32% | lr=1.00e-03 | 6s
2026-04-19 21:36:20.774 | DEBUG    | trainer:_save_checkpoint:186 - Checkpoint saved → models/saved/best_wheat.pt
2026-04-19 21:36:21.209 | INFO     | trainer:train:141 - Epoch 015/100 | train_loss=0.0338 | val_loss=0.0454 | MAE=0.2513 | MAPE=24.94% | lr=1.00e-03 | 7s
2026-04-19 21:36:21.223 | DEBUG    | trainer:_save_checkpoint:186 - Checkpoint saved → models/saved/best_wheat.pt
2026-04-19 21:36:21.643 | INFO     | trainer:train:141 - Epoch 016/100 | train_loss=0.0341 | val_loss=0.0481 | MAE=0.2690 | MAPE=26.66% | lr=1.00e-03 | 7s
2026-04-19 21:36:22.053 | INFO     | trainer:train:141 - Epoch 017/100 | train_loss=0.0304 | val_loss=0.0421 | MAE=0.2493 | MAPE=24.69% | lr=1.00e-03 | 8s
2026-04-19 21:36:22.067 | DEBUG    | trainer:_save_checkpoint:186 - Checkpoint saved → models/saved/best_wheat.pt
2026-04-19 21:36:22.474 | INFO     | trainer:train:141 - Epoch 018/100 | train_loss=0.0269 | val_loss=0.0343 | MAE=0.2201 | MAPE=21.62% | lr=1.00e-03 | 8s
2026-04-19 21:36:22.487 | DEBUG    | trainer:_save_checkpoint:186 - Checkpoint saved → models/saved/best_wheat.pt
2026-04-19 21:36:22.886 | INFO     | trainer:train:141 - Epoch 019/100 | train_loss=0.0287 | val_loss=0.0443 | MAE=0.2592 | MAPE=25.73% | lr=1.00e-03 | 9s
2026-04-19 21:36:23.279 | INFO     | trainer:train:141 - Epoch 020/100 | train_loss=0.0275 | val_loss=0.0281 | MAE=0.1967 | MAPE=19.30% | lr=1.00e-03 | 9s
2026-04-19 21:36:23.293 | DEBUG    | trainer:_save_checkpoint:186 - Checkpoint saved → models/saved/best_wheat.pt
2026-04-19 21:36:23.706 | INFO     | trainer:train:141 - Epoch 021/100 | train_loss=0.0284 | val_loss=0.0154 | MAE=0.1390 | MAPE=13.89% | lr=1.00e-03 | 9s
2026-04-19 21:36:23.721 | DEBUG    | trainer:_save_checkpoint:186 - Checkpoint saved → models/saved/best_wheat.pt
2026-04-19 21:36:24.159 | INFO     | trainer:train:141 - Epoch 022/100 | train_loss=0.0266 | val_loss=0.0292 | MAE=0.2057 | MAPE=20.19% | lr=1.00e-03 | 10s
2026-04-19 21:36:24.680 | INFO     | trainer:train:141 - Epoch 023/100 | train_loss=0.0328 | val_loss=0.0362 | MAE=0.2253 | MAPE=21.95% | lr=1.00e-03 | 10s
2026-04-19 21:36:25.127 | INFO     | trainer:train:141 - Epoch 024/100 | train_loss=0.0261 | val_loss=0.0176 | MAE=0.1472 | MAPE=14.67% | lr=1.00e-03 | 11s
2026-04-19 21:36:25.597 | INFO     | trainer:train:141 - Epoch 025/100 | train_loss=0.0311 | val_loss=0.0274 | MAE=0.1947 | MAPE=18.98% | lr=1.00e-03 | 11s
2026-04-19 21:36:26.047 | INFO     | trainer:train:141 - Epoch 026/100 | train_loss=0.0277 | val_loss=0.0260 | MAE=0.1861 | MAPE=18.47% | lr=1.00e-03 | 12s
2026-04-19 21:36:26.495 | INFO     | trainer:train:141 - Epoch 027/100 | train_loss=0.0289 | val_loss=0.0358 | MAE=0.2275 | MAPE=22.18% | lr=5.00e-04 | 12s
2026-04-19 21:36:26.962 | INFO     | trainer:train:141 - Epoch 028/100 | train_loss=0.0355 | val_loss=0.0675 | MAE=0.3284 | MAPE=32.88% | lr=5.00e-04 | 13s
2026-04-19 21:36:27.416 | INFO     | trainer:train:141 - Epoch 029/100 | train_loss=0.0306 | val_loss=0.0587 | MAE=0.3129 | MAPE=31.87% | lr=5.00e-04 | 13s
2026-04-19 21:36:27.810 | INFO     | trainer:train:141 - Epoch 030/100 | train_loss=0.0249 | val_loss=0.0453 | MAE=0.2696 | MAPE=27.27% | lr=5.00e-04 | 13s
2026-04-19 21:36:28.209 | INFO     | trainer:train:141 - Epoch 031/100 | train_loss=0.0227 | val_loss=0.0365 | MAE=0.2356 | MAPE=23.38% | lr=5.00e-04 | 14s
2026-04-19 21:36:28.612 | INFO     | trainer:train:141 - Epoch 032/100 | train_loss=0.0202 | val_loss=0.0348 | MAE=0.2284 | MAPE=22.41% | lr=5.00e-04 | 14s
2026-04-19 21:36:29.011 | INFO     | trainer:train:141 - Epoch 033/100 | train_loss=0.0182 | val_loss=0.0368 | MAE=0.2374 | MAPE=23.35% | lr=2.50e-04 | 15s
2026-04-19 21:36:29.404 | INFO     | trainer:train:141 - Epoch 034/100 | train_loss=0.0194 | val_loss=0.0386 | MAE=0.2513 | MAPE=25.17% | lr=2.50e-04 | 15s
2026-04-19 21:36:29.793 | INFO     | trainer:train:141 - Epoch 035/100 | train_loss=0.0166 | val_loss=0.0374 | MAE=0.2428 | MAPE=24.05% | lr=2.50e-04 | 15s
2026-04-19 21:36:30.195 | INFO     | trainer:train:141 - Epoch 036/100 | train_loss=0.0158 | val_loss=0.0402 | MAE=0.2530 | MAPE=25.11% | lr=2.50e-04 | 16s
2026-04-19 21:36:30.196 | INFO     | trainer:train:156 - Early stopping at epoch 36 (patience=15)
2026-04-19 21:36:30.196 | INFO     | trainer:train:160 - Training complete in 15.8s | best val_loss=0.0154
2026-04-19 21:36:30.196 | INFO     | __main__:main:124 - Step 4/4: Evaluating on test set...
2026-04-19 21:36:30.214 | INFO     | trainer:_load_checkpoint:192 - Loaded best checkpoint from epoch 21
2026-04-19 21:36:30.590 | INFO     | trainer:evaluate:174 - Test metrics: {'mae': 0.1176, 'rmse': 0.1496, 'mape': 14.2986}
2026-04-19 21:36:30.590 | INFO     | __main__:main:126 - Final test metrics:
2026-04-19 21:36:30.590 | INFO     | __main__:main:127 -   MAE:  0.1176
2026-04-19 21:36:30.590 | INFO     | __main__:main:128 -   RMSE: 0.1496
2026-04-19 21:36:30.590 | INFO     | __main__:main:129 -   MAPE: 14.30%
2026-04-19 21:36:31.537 | INFO     | __main__:plot_training_curves:75 - Training curves saved → models/saved/training_curves_wheat.png
2026-04-19 21:36:31.537 | INFO     | __main__:main:135 - ============================================================
2026-04-19 21:36:31.537 | INFO     | __main__:main:136 - Training complete!
2026-04-19 21:36:31.537 | INFO     | __main__:main:137 - Model saved → models/saved/best_wheat.pt
2026-04-19 21:36:31.537 | INFO     | __main__:main:138 - Scalers saved → models/scalers/scalers_wheat.pkl
2026-04-19 21:36:31.537 | INFO     | __main__:main:139 - ============================================================
2026-04-19 21:36:31.537 | INFO     | __main__:main:140 - Run the API: uvicorn api.main:app --reload
