2026-04-19 21:38:53.533 | INFO     | __main__:main:94 - ============================================================
2026-04-19 21:38:53.533 | INFO     | __main__:main:95 - Smart Farming — Crop Price Prediction
2026-04-19 21:38:53.533 | INFO     | __main__:main:96 - Crop: tomato | State: Punjab
2026-04-19 21:38:53.533 | INFO     | __main__:main:97 - Period: 2021-04-20 → 2026-04-19
2026-04-19 21:38:53.533 | INFO     | __main__:main:98 - ============================================================
2026-04-19 21:38:53.533 | INFO     | __main__:main:101 - Step 1/4: Fetching data...
2026-04-19 21:38:53.533 | WARNING  | fetcher:fetch:65 - No API keys found — using synthetic data generator
2026-04-19 21:38:53.534 | INFO     | fetcher:_generate_synthetic:190 - Generated 1826 synthetic rows for tomato in Punjab
2026-04-19 21:38:53.534 | WARNING  | fetcher:fetch:228 - No OpenWeather key — using climate normals
2026-04-19 21:38:53.547 | INFO     | __main__:main:108 - Price rows: 1826 | Weather rows: 1826
2026-04-19 21:38:53.547 | INFO     | __main__:main:111 - Step 2/4: Preprocessing...
2026-04-19 21:38:53.551 | INFO     | preprocessor:merge_datasets:69 - Merged dataset: 1796 rows, 24 columns
2026-04-19 21:38:53.556 | INFO     | preprocessor:save_scalers:99 - Scalers saved → models/scalers/scalers_tomato.pkl
2026-04-19 21:38:53.562 | INFO     | preprocessor:make_dataloaders:181 - Sequences → train: 1280, val: 256, test: 171
2026-04-19 21:38:53.563 | INFO     | __main__:main:118 - Step 3/4: Training LSTM...
2026-04-19 21:38:53.577 | INFO     | lstm_model:get_device:113 - Using Apple MPS
2026-04-19 21:38:53.583 | INFO     | lstm_model:__init__:57 - CropPriceLSTM | features=12 | hidden=128 | layers=3 | horizon=30d | params=347,358
2026-04-19 21:38:53.591 | INFO     | lstm_model:get_device:113 - Using Apple MPS
2026-04-19 21:38:53.988 | INFO     | trainer:train:122 - Training started: 100 epochs | crop=tomato
2026-04-19 21:38:53.988 | INFO     | trainer:train:123 - ------------------------------------------------------------
2026-04-19 21:38:54.613 | INFO     | trainer:train:141 - Epoch 001/100 | train_loss=0.1262 | val_loss=0.1234 | MAE=0.4155 | MAPE=42.65% | lr=1.00e-03 | 1s
2026-04-19 21:38:54.630 | DEBUG    | trainer:_save_checkpoint:186 - Checkpoint saved → models/saved/best_tomato.pt
2026-04-19 21:38:55.049 | INFO     | trainer:train:141 - Epoch 002/100 | train_loss=0.0679 | val_loss=0.1004 | MAE=0.3998 | MAPE=40.79% | lr=1.00e-03 | 1s
2026-04-19 21:38:55.064 | DEBUG    | trainer:_save_checkpoint:186 - Checkpoint saved → models/saved/best_tomato.pt
2026-04-19 21:38:55.474 | INFO     | trainer:train:141 - Epoch 003/100 | train_loss=0.0543 | val_loss=0.0827 | MAE=0.3675 | MAPE=37.26% | lr=1.00e-03 | 1s
2026-04-19 21:38:55.489 | DEBUG    | trainer:_save_checkpoint:186 - Checkpoint saved → models/saved/best_tomato.pt
2026-04-19 21:38:55.952 | INFO     | trainer:train:141 - Epoch 004/100 | train_loss=0.0522 | val_loss=0.0729 | MAE=0.3459 | MAPE=34.93% | lr=1.00e-03 | 2s
2026-04-19 21:38:55.966 | DEBUG    | trainer:_save_checkpoint:186 - Checkpoint saved → models/saved/best_tomato.pt
2026-04-19 21:38:56.403 | INFO     | trainer:train:141 - Epoch 005/100 | train_loss=0.0559 | val_loss=0.0735 | MAE=0.3473 | MAPE=35.04% | lr=1.00e-03 | 2s
2026-04-19 21:38:56.824 | INFO     | trainer:train:141 - Epoch 006/100 | train_loss=0.0567 | val_loss=0.0840 | MAE=0.3739 | MAPE=37.89% | lr=1.00e-03 | 3s
2026-04-19 21:38:57.264 | INFO     | trainer:train:141 - Epoch 007/100 | train_loss=0.0518 | val_loss=0.0864 | MAE=0.3851 | MAPE=39.05% | lr=1.00e-03 | 3s
2026-04-19 21:38:57.733 | INFO     | trainer:train:141 - Epoch 008/100 | train_loss=0.0484 | val_loss=0.0885 | MAE=0.3923 | MAPE=39.83% | lr=1.00e-03 | 4s
2026-04-19 21:38:58.215 | INFO     | trainer:train:141 - Epoch 009/100 | train_loss=0.0501 | val_loss=0.0899 | MAE=0.3850 | MAPE=39.08% | lr=1.00e-03 | 4s
2026-04-19 21:38:58.719 | INFO     | trainer:train:141 - Epoch 010/100 | train_loss=0.0489 | val_loss=0.0911 | MAE=0.3964 | MAPE=40.27% | lr=5.00e-04 | 5s
2026-04-19 21:38:59.191 | INFO     | trainer:train:141 - Epoch 011/100 | train_loss=0.0471 | val_loss=0.1088 | MAE=0.4450 | MAPE=45.47% | lr=5.00e-04 | 5s
2026-04-19 21:38:59.672 | INFO     | trainer:train:141 - Epoch 012/100 | train_loss=0.0432 | val_loss=0.1097 | MAE=0.4476 | MAPE=45.75% | lr=5.00e-04 | 6s
2026-04-19 21:39:00.141 | INFO     | trainer:train:141 - Epoch 013/100 | train_loss=0.0435 | val_loss=0.1101 | MAE=0.4488 | MAPE=45.88% | lr=5.00e-04 | 6s
2026-04-19 21:39:00.598 | INFO     | trainer:train:141 - Epoch 014/100 | train_loss=0.0417 | val_loss=0.1096 | MAE=0.4477 | MAPE=45.77% | lr=5.00e-04 | 7s
2026-04-19 21:39:01.018 | INFO     | trainer:train:141 - Epoch 015/100 | train_loss=0.0422 | val_loss=0.1093 | MAE=0.4468 | MAPE=45.67% | lr=5.00e-04 | 7s
2026-04-19 21:39:01.435 | INFO     | trainer:train:141 - Epoch 016/100 | train_loss=0.0412 | val_loss=0.1061 | MAE=0.4383 | MAPE=44.76% | lr=2.50e-04 | 7s
2026-04-19 21:39:01.856 | INFO     | trainer:train:141 - Epoch 017/100 | train_loss=0.0408 | val_loss=0.1152 | MAE=0.4605 | MAPE=47.14% | lr=2.50e-04 | 8s
2026-04-19 21:39:02.282 | INFO     | trainer:train:141 - Epoch 018/100 | train_loss=0.0374 | val_loss=0.1077 | MAE=0.4428 | MAPE=45.25% | lr=2.50e-04 | 8s
2026-04-19 21:39:02.736 | INFO     | trainer:train:141 - Epoch 019/100 | train_loss=0.0386 | val_loss=0.1080 | MAE=0.4442 | MAPE=45.41% | lr=2.50e-04 | 9s
2026-04-19 21:39:02.737 | INFO     | trainer:train:156 - Early stopping at epoch 19 (patience=15)
2026-04-19 21:39:02.737 | INFO     | trainer:train:160 - Training complete in 8.7s | best val_loss=0.0729
2026-04-19 21:39:02.737 | INFO     | __main__:main:124 - Step 4/4: Evaluating on test set...
2026-04-19 21:39:02.756 | INFO     | trainer:_load_checkpoint:192 - Loaded best checkpoint from epoch 4
2026-04-19 21:39:02.793 | INFO     | trainer:evaluate:174 - Test metrics: {'mae': 0.3081, 'rmse': 0.355, 'mape': 31.9138}
2026-04-19 21:39:02.793 | INFO     | __main__:main:126 - Final test metrics:
2026-04-19 21:39:02.793 | INFO     | __main__:main:127 -   MAE:  0.3081
2026-04-19 21:39:02.793 | INFO     | __main__:main:128 -   RMSE: 0.3550
2026-04-19 21:39:02.793 | INFO     | __main__:main:129 -   MAPE: 31.91%
2026-04-19 21:39:02.990 | INFO     | __main__:plot_training_curves:75 - Training curves saved → models/saved/training_curves_tomato.png
2026-04-19 21:39:02.990 | INFO     | __main__:main:135 - ============================================================
2026-04-19 21:39:02.990 | INFO     | __main__:main:136 - Training complete!
2026-04-19 21:39:02.990 | INFO     | __main__:main:137 - Model saved → models/saved/best_tomato.pt
2026-04-19 21:39:02.990 | INFO     | __main__:main:138 - Scalers saved → models/scalers/scalers_tomato.pkl
2026-04-19 21:39:02.990 | INFO     | __main__:main:139 - ============================================================
2026-04-19 21:39:02.990 | INFO     | __main__:main:140 - Run the API: uvicorn api.main:app --reload
