2026-04-19 21:39:56.138 | INFO     | __main__:main:94 - ============================================================
2026-04-19 21:39:56.138 | INFO     | __main__:main:95 - Smart Farming — Crop Price Prediction
2026-04-19 21:39:56.138 | INFO     | __main__:main:96 - Crop: soybean | State: Punjab
2026-04-19 21:39:56.138 | INFO     | __main__:main:97 - Period: 2021-04-20 → 2026-04-19
2026-04-19 21:39:56.138 | INFO     | __main__:main:98 - ============================================================
2026-04-19 21:39:56.138 | INFO     | __main__:main:101 - Step 1/4: Fetching data...
2026-04-19 21:39:56.139 | WARNING  | fetcher:fetch:65 - No API keys found — using synthetic data generator
2026-04-19 21:39:56.139 | INFO     | fetcher:_generate_synthetic:190 - Generated 1826 synthetic rows for soybean in Punjab
2026-04-19 21:39:56.139 | WARNING  | fetcher:fetch:228 - No OpenWeather key — using climate normals
2026-04-19 21:39:56.152 | INFO     | __main__:main:108 - Price rows: 1826 | Weather rows: 1826
2026-04-19 21:39:56.152 | INFO     | __main__:main:111 - Step 2/4: Preprocessing...
2026-04-19 21:39:56.156 | INFO     | preprocessor:merge_datasets:69 - Merged dataset: 1796 rows, 24 columns
2026-04-19 21:39:56.162 | INFO     | preprocessor:save_scalers:99 - Scalers saved → models/scalers/scalers_soybean.pkl
2026-04-19 21:39:56.167 | INFO     | preprocessor:make_dataloaders:181 - Sequences → train: 1280, val: 256, test: 171
2026-04-19 21:39:56.168 | INFO     | __main__:main:118 - Step 3/4: Training LSTM...
2026-04-19 21:39:56.182 | INFO     | lstm_model:get_device:113 - Using Apple MPS
2026-04-19 21:39:56.188 | INFO     | lstm_model:__init__:57 - CropPriceLSTM | features=12 | hidden=128 | layers=3 | horizon=30d | params=347,358
2026-04-19 21:39:56.196 | INFO     | lstm_model:get_device:113 - Using Apple MPS
2026-04-19 21:39:56.601 | INFO     | trainer:train:122 - Training started: 100 epochs | crop=soybean
2026-04-19 21:39:56.602 | INFO     | trainer:train:123 - ------------------------------------------------------------
2026-04-19 21:39:57.201 | INFO     | trainer:train:141 - Epoch 001/100 | train_loss=0.1403 | val_loss=0.0961 | MAE=0.3627 | MAPE=37.17% | lr=1.00e-03 | 1s
2026-04-19 21:39:57.218 | DEBUG    | trainer:_save_checkpoint:186 - Checkpoint saved → models/saved/best_soybean.pt
2026-04-19 21:39:57.638 | INFO     | trainer:train:141 - Epoch 002/100 | train_loss=0.0673 | val_loss=0.0987 | MAE=0.3973 | MAPE=40.55% | lr=1.00e-03 | 1s
2026-04-19 21:39:58.031 | INFO     | trainer:train:141 - Epoch 003/100 | train_loss=0.0530 | val_loss=0.0795 | MAE=0.3593 | MAPE=36.39% | lr=1.00e-03 | 1s
2026-04-19 21:39:58.045 | DEBUG    | trainer:_save_checkpoint:186 - Checkpoint saved → models/saved/best_soybean.pt
2026-04-19 21:39:58.443 | INFO     | trainer:train:141 - Epoch 004/100 | train_loss=0.0505 | val_loss=0.0780 | MAE=0.3593 | MAPE=36.36% | lr=1.00e-03 | 2s
2026-04-19 21:39:58.457 | DEBUG    | trainer:_save_checkpoint:186 - Checkpoint saved → models/saved/best_soybean.pt
2026-04-19 21:39:59.055 | INFO     | trainer:train:141 - Epoch 005/100 | train_loss=0.0480 | val_loss=0.0753 | MAE=0.3521 | MAPE=35.59% | lr=1.00e-03 | 2s
2026-04-19 21:39:59.085 | DEBUG    | trainer:_save_checkpoint:186 - Checkpoint saved → models/saved/best_soybean.pt
2026-04-19 21:39:59.769 | INFO     | trainer:train:141 - Epoch 006/100 | train_loss=0.0470 | val_loss=0.0737 | MAE=0.3440 | MAPE=34.81% | lr=1.00e-03 | 3s
2026-04-19 21:39:59.786 | DEBUG    | trainer:_save_checkpoint:186 - Checkpoint saved → models/saved/best_soybean.pt
2026-04-19 21:40:00.284 | INFO     | trainer:train:141 - Epoch 007/100 | train_loss=0.0458 | val_loss=0.0762 | MAE=0.3542 | MAPE=35.80% | lr=1.00e-03 | 4s
2026-04-19 21:40:00.690 | INFO     | trainer:train:141 - Epoch 008/100 | train_loss=0.0461 | val_loss=0.0749 | MAE=0.3511 | MAPE=35.52% | lr=1.00e-03 | 4s
2026-04-19 21:40:01.080 | INFO     | trainer:train:141 - Epoch 009/100 | train_loss=0.0430 | val_loss=0.0736 | MAE=0.3449 | MAPE=34.95% | lr=1.00e-03 | 4s
2026-04-19 21:40:01.094 | DEBUG    | trainer:_save_checkpoint:186 - Checkpoint saved → models/saved/best_soybean.pt
2026-04-19 21:40:01.502 | INFO     | trainer:train:141 - Epoch 010/100 | train_loss=0.0435 | val_loss=0.0657 | MAE=0.3097 | MAPE=31.21% | lr=1.00e-03 | 5s
2026-04-19 21:40:01.517 | DEBUG    | trainer:_save_checkpoint:186 - Checkpoint saved → models/saved/best_soybean.pt
2026-04-19 21:40:01.934 | INFO     | trainer:train:141 - Epoch 011/100 | train_loss=0.0459 | val_loss=0.0782 | MAE=0.3579 | MAPE=36.34% | lr=1.00e-03 | 5s
2026-04-19 21:40:02.336 | INFO     | trainer:train:141 - Epoch 012/100 | train_loss=0.0429 | val_loss=0.0759 | MAE=0.3540 | MAPE=35.75% | lr=1.00e-03 | 6s
2026-04-19 21:40:02.729 | INFO     | trainer:train:141 - Epoch 013/100 | train_loss=0.0455 | val_loss=0.0766 | MAE=0.3544 | MAPE=35.81% | lr=1.00e-03 | 6s
2026-04-19 21:40:03.147 | INFO     | trainer:train:141 - Epoch 014/100 | train_loss=0.0438 | val_loss=0.0781 | MAE=0.3589 | MAPE=36.27% | lr=1.00e-03 | 7s
2026-04-19 21:40:03.570 | INFO     | trainer:train:141 - Epoch 015/100 | train_loss=0.0429 | val_loss=0.0755 | MAE=0.3452 | MAPE=34.89% | lr=1.00e-03 | 7s
2026-04-19 21:40:03.983 | INFO     | trainer:train:141 - Epoch 016/100 | train_loss=0.0420 | val_loss=0.0723 | MAE=0.3344 | MAPE=33.85% | lr=5.00e-04 | 7s
2026-04-19 21:40:04.379 | INFO     | trainer:train:141 - Epoch 017/100 | train_loss=0.0429 | val_loss=0.0884 | MAE=0.3937 | MAPE=40.21% | lr=5.00e-04 | 8s
2026-04-19 21:40:04.774 | INFO     | trainer:train:141 - Epoch 018/100 | train_loss=0.0395 | val_loss=0.0919 | MAE=0.4041 | MAPE=41.34% | lr=5.00e-04 | 8s
2026-04-19 21:40:05.174 | INFO     | trainer:train:141 - Epoch 019/100 | train_loss=0.0377 | val_loss=0.0916 | MAE=0.4023 | MAPE=41.15% | lr=5.00e-04 | 9s
2026-04-19 21:40:05.581 | INFO     | trainer:train:141 - Epoch 020/100 | train_loss=0.0380 | val_loss=0.0916 | MAE=0.4020 | MAPE=41.12% | lr=5.00e-04 | 9s
2026-04-19 21:40:05.994 | INFO     | trainer:train:141 - Epoch 021/100 | train_loss=0.0380 | val_loss=0.0921 | MAE=0.4036 | MAPE=41.31% | lr=5.00e-04 | 9s
2026-04-19 21:40:06.392 | INFO     | trainer:train:141 - Epoch 022/100 | train_loss=0.0373 | val_loss=0.0908 | MAE=0.3992 | MAPE=40.84% | lr=2.50e-04 | 10s
2026-04-19 21:40:06.788 | INFO     | trainer:train:141 - Epoch 023/100 | train_loss=0.0372 | val_loss=0.1006 | MAE=0.4278 | MAPE=43.93% | lr=2.50e-04 | 10s
2026-04-19 21:40:07.192 | INFO     | trainer:train:141 - Epoch 024/100 | train_loss=0.0339 | val_loss=0.0966 | MAE=0.4181 | MAPE=42.93% | lr=2.50e-04 | 11s
2026-04-19 21:40:07.602 | INFO     | trainer:train:141 - Epoch 025/100 | train_loss=0.0343 | val_loss=0.0961 | MAE=0.4165 | MAPE=42.74% | lr=2.50e-04 | 11s
2026-04-19 21:40:07.602 | INFO     | trainer:train:156 - Early stopping at epoch 25 (patience=15)
2026-04-19 21:40:07.602 | INFO     | trainer:train:160 - Training complete in 11.0s | best val_loss=0.0657
2026-04-19 21:40:07.602 | INFO     | __main__:main:124 - Step 4/4: Evaluating on test set...
2026-04-19 21:40:07.619 | INFO     | trainer:_load_checkpoint:192 - Loaded best checkpoint from epoch 10
2026-04-19 21:40:07.652 | INFO     | trainer:evaluate:174 - Test metrics: {'mae': 0.2134, 'rmse': 0.2799, 'mape': 23.5231}
2026-04-19 21:40:07.652 | INFO     | __main__:main:126 - Final test metrics:
2026-04-19 21:40:07.652 | INFO     | __main__:main:127 -   MAE:  0.2134
2026-04-19 21:40:07.652 | INFO     | __main__:main:128 -   RMSE: 0.2799
2026-04-19 21:40:07.652 | INFO     | __main__:main:129 -   MAPE: 23.52%
2026-04-19 21:40:07.822 | INFO     | __main__:plot_training_curves:75 - Training curves saved → models/saved/training_curves_soybean.png
2026-04-19 21:40:07.822 | INFO     | __main__:main:135 - ============================================================
2026-04-19 21:40:07.822 | INFO     | __main__:main:136 - Training complete!
2026-04-19 21:40:07.822 | INFO     | __main__:main:137 - Model saved → models/saved/best_soybean.pt
2026-04-19 21:40:07.822 | INFO     | __main__:main:138 - Scalers saved → models/scalers/scalers_soybean.pkl
2026-04-19 21:40:07.823 | INFO     | __main__:main:139 - ============================================================
2026-04-19 21:40:07.823 | INFO     | __main__:main:140 - Run the API: uvicorn api.main:app --reload
