2026-04-19 21:39:16.253 | INFO     | __main__:main:94 - ============================================================
2026-04-19 21:39:16.253 | INFO     | __main__:main:95 - Smart Farming — Crop Price Prediction
2026-04-19 21:39:16.253 | INFO     | __main__:main:96 - Crop: potato | State: Punjab
2026-04-19 21:39:16.253 | INFO     | __main__:main:97 - Period: 2021-04-20 → 2026-04-19
2026-04-19 21:39:16.253 | INFO     | __main__:main:98 - ============================================================
2026-04-19 21:39:16.253 | INFO     | __main__:main:101 - Step 1/4: Fetching data...
2026-04-19 21:39:16.253 | WARNING  | fetcher:fetch:65 - No API keys found — using synthetic data generator
2026-04-19 21:39:16.254 | INFO     | fetcher:_generate_synthetic:190 - Generated 1826 synthetic rows for potato in Punjab
2026-04-19 21:39:16.254 | WARNING  | fetcher:fetch:228 - No OpenWeather key — using climate normals
2026-04-19 21:39:16.268 | INFO     | __main__:main:108 - Price rows: 1826 | Weather rows: 1826
2026-04-19 21:39:16.268 | INFO     | __main__:main:111 - Step 2/4: Preprocessing...
2026-04-19 21:39:16.272 | INFO     | preprocessor:merge_datasets:69 - Merged dataset: 1796 rows, 24 columns
2026-04-19 21:39:16.278 | INFO     | preprocessor:save_scalers:99 - Scalers saved → models/scalers/scalers_potato.pkl
2026-04-19 21:39:16.284 | INFO     | preprocessor:make_dataloaders:181 - Sequences → train: 1280, val: 256, test: 171
2026-04-19 21:39:16.284 | INFO     | __main__:main:118 - Step 3/4: Training LSTM...
2026-04-19 21:39:16.299 | INFO     | lstm_model:get_device:113 - Using Apple MPS
2026-04-19 21:39:16.304 | INFO     | lstm_model:__init__:57 - CropPriceLSTM | features=12 | hidden=128 | layers=3 | horizon=30d | params=347,358
2026-04-19 21:39:16.311 | INFO     | lstm_model:get_device:113 - Using Apple MPS
2026-04-19 21:39:16.595 | INFO     | trainer:train:122 - Training started: 100 epochs | crop=potato
2026-04-19 21:39:16.595 | INFO     | trainer:train:123 - ------------------------------------------------------------
2026-04-19 21:39:17.197 | INFO     | trainer:train:141 - Epoch 001/100 | train_loss=0.1304 | val_loss=0.1070 | MAE=0.4055 | MAPE=41.46% | lr=1.00e-03 | 1s
2026-04-19 21:39:17.213 | DEBUG    | trainer:_save_checkpoint:186 - Checkpoint saved → models/saved/best_potato.pt
2026-04-19 21:39:17.649 | INFO     | trainer:train:141 - Epoch 002/100 | train_loss=0.0573 | val_loss=0.0755 | MAE=0.3463 | MAPE=35.12% | lr=1.00e-03 | 1s
2026-04-19 21:39:17.664 | DEBUG    | trainer:_save_checkpoint:186 - Checkpoint saved → models/saved/best_potato.pt
2026-04-19 21:39:18.086 | INFO     | trainer:train:141 - Epoch 003/100 | train_loss=0.0529 | val_loss=0.0751 | MAE=0.3491 | MAPE=35.33% | lr=1.00e-03 | 1s
2026-04-19 21:39:18.101 | DEBUG    | trainer:_save_checkpoint:186 - Checkpoint saved → models/saved/best_potato.pt
2026-04-19 21:39:18.516 | INFO     | trainer:train:141 - Epoch 004/100 | train_loss=0.0488 | val_loss=0.0677 | MAE=0.3292 | MAPE=33.22% | lr=1.00e-03 | 2s
2026-04-19 21:39:18.529 | DEBUG    | trainer:_save_checkpoint:186 - Checkpoint saved → models/saved/best_potato.pt
2026-04-19 21:39:18.940 | INFO     | trainer:train:141 - Epoch 005/100 | train_loss=0.0511 | val_loss=0.0737 | MAE=0.3463 | MAPE=34.98% | lr=1.00e-03 | 2s
2026-04-19 21:39:19.332 | INFO     | trainer:train:141 - Epoch 006/100 | train_loss=0.0465 | val_loss=0.0755 | MAE=0.3552 | MAPE=35.95% | lr=1.00e-03 | 3s
2026-04-19 21:39:19.726 | INFO     | trainer:train:141 - Epoch 007/100 | train_loss=0.0416 | val_loss=0.0728 | MAE=0.3452 | MAPE=34.92% | lr=1.00e-03 | 3s
2026-04-19 21:39:20.146 | INFO     | trainer:train:141 - Epoch 008/100 | train_loss=0.0395 | val_loss=0.0710 | MAE=0.3405 | MAPE=34.44% | lr=1.00e-03 | 4s
2026-04-19 21:39:20.566 | INFO     | trainer:train:141 - Epoch 009/100 | train_loss=0.0411 | val_loss=0.0697 | MAE=0.3228 | MAPE=32.53% | lr=1.00e-03 | 4s
2026-04-19 21:39:20.973 | INFO     | trainer:train:141 - Epoch 010/100 | train_loss=0.0401 | val_loss=0.0688 | MAE=0.3323 | MAPE=33.58% | lr=5.00e-04 | 4s
2026-04-19 21:39:21.369 | INFO     | trainer:train:141 - Epoch 011/100 | train_loss=0.0423 | val_loss=0.0681 | MAE=0.3251 | MAPE=32.77% | lr=5.00e-04 | 5s
2026-04-19 21:39:21.763 | INFO     | trainer:train:141 - Epoch 012/100 | train_loss=0.0423 | val_loss=0.0698 | MAE=0.3265 | MAPE=32.95% | lr=5.00e-04 | 5s
2026-04-19 21:39:22.161 | INFO     | trainer:train:141 - Epoch 013/100 | train_loss=0.0412 | val_loss=0.0753 | MAE=0.3492 | MAPE=35.33% | lr=5.00e-04 | 6s
2026-04-19 21:39:22.565 | INFO     | trainer:train:141 - Epoch 014/100 | train_loss=0.0410 | val_loss=0.0729 | MAE=0.3393 | MAPE=34.36% | lr=5.00e-04 | 6s
2026-04-19 21:39:22.970 | INFO     | trainer:train:141 - Epoch 015/100 | train_loss=0.0410 | val_loss=0.0758 | MAE=0.3486 | MAPE=35.25% | lr=5.00e-04 | 6s
2026-04-19 21:39:23.371 | INFO     | trainer:train:141 - Epoch 016/100 | train_loss=0.0385 | val_loss=0.0779 | MAE=0.3586 | MAPE=36.31% | lr=2.50e-04 | 7s
2026-04-19 21:39:23.764 | INFO     | trainer:train:141 - Epoch 017/100 | train_loss=0.0367 | val_loss=0.0920 | MAE=0.4050 | MAPE=41.29% | lr=2.50e-04 | 7s
2026-04-19 21:39:24.160 | INFO     | trainer:train:141 - Epoch 018/100 | train_loss=0.0293 | val_loss=0.0815 | MAE=0.3750 | MAPE=38.11% | lr=2.50e-04 | 8s
2026-04-19 21:39:24.578 | INFO     | trainer:train:141 - Epoch 019/100 | train_loss=0.0287 | val_loss=0.0723 | MAE=0.3450 | MAPE=34.93% | lr=2.50e-04 | 8s
2026-04-19 21:39:24.579 | INFO     | trainer:train:156 - Early stopping at epoch 19 (patience=15)
2026-04-19 21:39:24.579 | INFO     | trainer:train:160 - Training complete in 8.0s | best val_loss=0.0677
2026-04-19 21:39:24.579 | INFO     | __main__:main:124 - Step 4/4: Evaluating on test set...
2026-04-19 21:39:24.595 | INFO     | trainer:_load_checkpoint:192 - Loaded best checkpoint from epoch 4
2026-04-19 21:39:24.636 | INFO     | trainer:evaluate:174 - Test metrics: {'mae': 0.2742, 'rmse': 0.3253, 'mape': 28.9892}
2026-04-19 21:39:24.636 | INFO     | __main__:main:126 - Final test metrics:
2026-04-19 21:39:24.636 | INFO     | __main__:main:127 -   MAE:  0.2742
2026-04-19 21:39:24.636 | INFO     | __main__:main:128 -   RMSE: 0.3253
2026-04-19 21:39:24.636 | INFO     | __main__:main:129 -   MAPE: 28.99%
2026-04-19 21:39:24.800 | INFO     | __main__:plot_training_curves:75 - Training curves saved → models/saved/training_curves_potato.png
2026-04-19 21:39:24.800 | INFO     | __main__:main:135 - ============================================================
2026-04-19 21:39:24.800 | INFO     | __main__:main:136 - Training complete!
2026-04-19 21:39:24.800 | INFO     | __main__:main:137 - Model saved → models/saved/best_potato.pt
2026-04-19 21:39:24.800 | INFO     | __main__:main:138 - Scalers saved → models/scalers/scalers_potato.pkl
2026-04-19 21:39:24.800 | INFO     | __main__:main:139 - ============================================================
2026-04-19 21:39:24.800 | INFO     | __main__:main:140 - Run the API: uvicorn api.main:app --reload
