2026-04-19 21:38:22.959 | INFO     | __main__:main:94 - ============================================================
2026-04-19 21:38:22.959 | INFO     | __main__:main:95 - Smart Farming — Crop Price Prediction
2026-04-19 21:38:22.959 | INFO     | __main__:main:96 - Crop: rice | State: Punjab
2026-04-19 21:38:22.959 | INFO     | __main__:main:97 - Period: 2021-04-20 → 2026-04-19
2026-04-19 21:38:22.959 | INFO     | __main__:main:98 - ============================================================
2026-04-19 21:38:22.959 | INFO     | __main__:main:101 - Step 1/4: Fetching data...
2026-04-19 21:38:22.959 | WARNING  | fetcher:fetch:65 - No API keys found — using synthetic data generator
2026-04-19 21:38:22.962 | INFO     | fetcher:_generate_synthetic:190 - Generated 1826 synthetic rows for rice in Punjab
2026-04-19 21:38:22.962 | WARNING  | fetcher:fetch:228 - No OpenWeather key — using climate normals
2026-04-19 21:38:22.975 | INFO     | __main__:main:108 - Price rows: 1826 | Weather rows: 1826
2026-04-19 21:38:22.975 | INFO     | __main__:main:111 - Step 2/4: Preprocessing...
2026-04-19 21:38:22.986 | INFO     | preprocessor:merge_datasets:69 - Merged dataset: 1796 rows, 24 columns
2026-04-19 21:38:22.992 | INFO     | preprocessor:save_scalers:99 - Scalers saved → models/scalers/scalers_rice.pkl
2026-04-19 21:38:22.998 | INFO     | preprocessor:make_dataloaders:181 - Sequences → train: 1280, val: 256, test: 171
2026-04-19 21:38:23.003 | INFO     | __main__:main:118 - Step 3/4: Training LSTM...
2026-04-19 21:38:23.017 | INFO     | lstm_model:get_device:113 - Using Apple MPS
2026-04-19 21:38:23.038 | INFO     | lstm_model:__init__:57 - CropPriceLSTM | features=12 | hidden=128 | layers=3 | horizon=30d | params=347,358
2026-04-19 21:38:23.048 | INFO     | lstm_model:get_device:113 - Using Apple MPS
2026-04-19 21:38:23.436 | INFO     | trainer:train:122 - Training started: 100 epochs | crop=rice
2026-04-19 21:38:23.436 | INFO     | trainer:train:123 - ------------------------------------------------------------
2026-04-19 21:38:24.216 | INFO     | trainer:train:141 - Epoch 001/100 | train_loss=0.1195 | val_loss=0.0907 | MAE=0.3741 | MAPE=37.98% | lr=1.00e-03 | 1s
2026-04-19 21:38:24.237 | DEBUG    | trainer:_save_checkpoint:186 - Checkpoint saved → models/saved/best_rice.pt
2026-04-19 21:38:24.678 | INFO     | trainer:train:141 - Epoch 002/100 | train_loss=0.0584 | val_loss=0.0781 | MAE=0.3576 | MAPE=36.04% | lr=1.00e-03 | 1s
2026-04-19 21:38:24.697 | DEBUG    | trainer:_save_checkpoint:186 - Checkpoint saved → models/saved/best_rice.pt
2026-04-19 21:38:25.125 | INFO     | trainer:train:141 - Epoch 003/100 | train_loss=0.0542 | val_loss=0.0745 | MAE=0.3466 | MAPE=34.86% | lr=1.00e-03 | 2s
2026-04-19 21:38:25.141 | DEBUG    | trainer:_save_checkpoint:186 - Checkpoint saved → models/saved/best_rice.pt
2026-04-19 21:38:25.581 | INFO     | trainer:train:141 - Epoch 004/100 | train_loss=0.0529 | val_loss=0.0785 | MAE=0.3591 | MAPE=36.19% | lr=1.00e-03 | 2s
2026-04-19 21:38:25.992 | INFO     | trainer:train:141 - Epoch 005/100 | train_loss=0.0510 | val_loss=0.0837 | MAE=0.3745 | MAPE=37.85% | lr=1.00e-03 | 3s
2026-04-19 21:38:26.399 | INFO     | trainer:train:141 - Epoch 006/100 | train_loss=0.0480 | val_loss=0.0813 | MAE=0.3675 | MAPE=37.11% | lr=1.00e-03 | 3s
2026-04-19 21:38:26.833 | INFO     | trainer:train:141 - Epoch 007/100 | train_loss=0.0464 | val_loss=0.0787 | MAE=0.3585 | MAPE=36.18% | lr=1.00e-03 | 3s
2026-04-19 21:38:27.302 | INFO     | trainer:train:141 - Epoch 008/100 | train_loss=0.0463 | val_loss=0.0820 | MAE=0.3710 | MAPE=37.46% | lr=1.00e-03 | 4s
2026-04-19 21:38:27.759 | INFO     | trainer:train:141 - Epoch 009/100 | train_loss=0.0457 | val_loss=0.0843 | MAE=0.3776 | MAPE=38.17% | lr=5.00e-04 | 4s
2026-04-19 21:38:28.164 | INFO     | trainer:train:141 - Epoch 010/100 | train_loss=0.0436 | val_loss=0.0845 | MAE=0.3720 | MAPE=37.57% | lr=5.00e-04 | 5s
2026-04-19 21:38:28.634 | INFO     | trainer:train:141 - Epoch 011/100 | train_loss=0.0439 | val_loss=0.0847 | MAE=0.3725 | MAPE=37.63% | lr=5.00e-04 | 5s
2026-04-19 21:38:29.066 | INFO     | trainer:train:141 - Epoch 012/100 | train_loss=0.0430 | val_loss=0.0828 | MAE=0.3642 | MAPE=36.75% | lr=5.00e-04 | 6s
2026-04-19 21:38:29.468 | INFO     | trainer:train:141 - Epoch 013/100 | train_loss=0.0419 | val_loss=0.0814 | MAE=0.3605 | MAPE=36.36% | lr=5.00e-04 | 6s
2026-04-19 21:38:29.966 | INFO     | trainer:train:141 - Epoch 014/100 | train_loss=0.0382 | val_loss=0.0775 | MAE=0.3508 | MAPE=35.45% | lr=5.00e-04 | 7s
2026-04-19 21:38:30.433 | INFO     | trainer:train:141 - Epoch 015/100 | train_loss=0.0350 | val_loss=0.0700 | MAE=0.3207 | MAPE=32.31% | lr=5.00e-04 | 7s
2026-04-19 21:38:30.447 | DEBUG    | trainer:_save_checkpoint:186 - Checkpoint saved → models/saved/best_rice.pt
2026-04-19 21:38:30.858 | INFO     | trainer:train:141 - Epoch 016/100 | train_loss=0.0338 | val_loss=0.0647 | MAE=0.3113 | MAPE=31.28% | lr=5.00e-04 | 7s
2026-04-19 21:38:30.872 | DEBUG    | trainer:_save_checkpoint:186 - Checkpoint saved → models/saved/best_rice.pt
2026-04-19 21:38:31.313 | INFO     | trainer:train:141 - Epoch 017/100 | train_loss=0.0323 | val_loss=0.0628 | MAE=0.3116 | MAPE=31.24% | lr=5.00e-04 | 8s
2026-04-19 21:38:31.329 | DEBUG    | trainer:_save_checkpoint:186 - Checkpoint saved → models/saved/best_rice.pt
2026-04-19 21:38:31.768 | INFO     | trainer:train:141 - Epoch 018/100 | train_loss=0.0292 | val_loss=0.0543 | MAE=0.2862 | MAPE=28.64% | lr=5.00e-04 | 8s
2026-04-19 21:38:31.782 | DEBUG    | trainer:_save_checkpoint:186 - Checkpoint saved → models/saved/best_rice.pt
2026-04-19 21:38:32.200 | INFO     | trainer:train:141 - Epoch 019/100 | train_loss=0.0288 | val_loss=0.0479 | MAE=0.2616 | MAPE=26.00% | lr=5.00e-04 | 9s
2026-04-19 21:38:32.213 | DEBUG    | trainer:_save_checkpoint:186 - Checkpoint saved → models/saved/best_rice.pt
2026-04-19 21:38:32.620 | INFO     | trainer:train:141 - Epoch 020/100 | train_loss=0.0313 | val_loss=0.0483 | MAE=0.2669 | MAPE=26.47% | lr=5.00e-04 | 9s
2026-04-19 21:38:33.088 | INFO     | trainer:train:141 - Epoch 021/100 | train_loss=0.0365 | val_loss=0.0498 | MAE=0.2673 | MAPE=26.53% | lr=5.00e-04 | 10s
2026-04-19 21:38:33.511 | INFO     | trainer:train:141 - Epoch 022/100 | train_loss=0.0316 | val_loss=0.0445 | MAE=0.2505 | MAPE=24.84% | lr=5.00e-04 | 10s
2026-04-19 21:38:33.526 | DEBUG    | trainer:_save_checkpoint:186 - Checkpoint saved → models/saved/best_rice.pt
2026-04-19 21:38:33.916 | INFO     | trainer:train:141 - Epoch 023/100 | train_loss=0.0319 | val_loss=0.0419 | MAE=0.2361 | MAPE=23.39% | lr=5.00e-04 | 10s
2026-04-19 21:38:33.930 | DEBUG    | trainer:_save_checkpoint:186 - Checkpoint saved → models/saved/best_rice.pt
2026-04-19 21:38:34.336 | INFO     | trainer:train:141 - Epoch 024/100 | train_loss=0.0301 | val_loss=0.0391 | MAE=0.2291 | MAPE=22.70% | lr=5.00e-04 | 11s
2026-04-19 21:38:34.349 | DEBUG    | trainer:_save_checkpoint:186 - Checkpoint saved → models/saved/best_rice.pt
2026-04-19 21:38:34.760 | INFO     | trainer:train:141 - Epoch 025/100 | train_loss=0.0295 | val_loss=0.0402 | MAE=0.2340 | MAPE=23.11% | lr=5.00e-04 | 11s
2026-04-19 21:38:35.224 | INFO     | trainer:train:141 - Epoch 026/100 | train_loss=0.0243 | val_loss=0.0360 | MAE=0.2206 | MAPE=21.74% | lr=5.00e-04 | 12s
2026-04-19 21:38:35.238 | DEBUG    | trainer:_save_checkpoint:186 - Checkpoint saved → models/saved/best_rice.pt
2026-04-19 21:38:35.660 | INFO     | trainer:train:141 - Epoch 027/100 | train_loss=0.0234 | val_loss=0.0321 | MAE=0.2049 | MAPE=20.22% | lr=5.00e-04 | 12s
2026-04-19 21:38:35.675 | DEBUG    | trainer:_save_checkpoint:186 - Checkpoint saved → models/saved/best_rice.pt
2026-04-19 21:38:36.068 | INFO     | trainer:train:141 - Epoch 028/100 | train_loss=0.0246 | val_loss=0.0301 | MAE=0.1967 | MAPE=19.45% | lr=5.00e-04 | 13s
2026-04-19 21:38:36.082 | DEBUG    | trainer:_save_checkpoint:186 - Checkpoint saved → models/saved/best_rice.pt
2026-04-19 21:38:36.490 | INFO     | trainer:train:141 - Epoch 029/100 | train_loss=0.0232 | val_loss=0.0298 | MAE=0.1988 | MAPE=19.56% | lr=5.00e-04 | 13s
2026-04-19 21:38:36.504 | DEBUG    | trainer:_save_checkpoint:186 - Checkpoint saved → models/saved/best_rice.pt
2026-04-19 21:38:36.920 | INFO     | trainer:train:141 - Epoch 030/100 | train_loss=0.0231 | val_loss=0.0282 | MAE=0.1928 | MAPE=18.94% | lr=5.00e-04 | 13s
2026-04-19 21:38:36.936 | DEBUG    | trainer:_save_checkpoint:186 - Checkpoint saved → models/saved/best_rice.pt
2026-04-19 21:38:37.343 | INFO     | trainer:train:141 - Epoch 031/100 | train_loss=0.0230 | val_loss=0.0265 | MAE=0.1847 | MAPE=18.14% | lr=5.00e-04 | 14s
2026-04-19 21:38:37.356 | DEBUG    | trainer:_save_checkpoint:186 - Checkpoint saved → models/saved/best_rice.pt
2026-04-19 21:38:37.855 | INFO     | trainer:train:141 - Epoch 032/100 | train_loss=0.0212 | val_loss=0.0273 | MAE=0.1906 | MAPE=18.69% | lr=5.00e-04 | 14s
2026-04-19 21:38:38.379 | INFO     | trainer:train:141 - Epoch 033/100 | train_loss=0.0210 | val_loss=0.0247 | MAE=0.1783 | MAPE=17.47% | lr=5.00e-04 | 15s
2026-04-19 21:38:38.392 | DEBUG    | trainer:_save_checkpoint:186 - Checkpoint saved → models/saved/best_rice.pt
2026-04-19 21:38:38.940 | INFO     | trainer:train:141 - Epoch 034/100 | train_loss=0.0210 | val_loss=0.0252 | MAE=0.1815 | MAPE=17.76% | lr=5.00e-04 | 16s
2026-04-19 21:38:39.447 | INFO     | trainer:train:141 - Epoch 035/100 | train_loss=0.0201 | val_loss=0.0227 | MAE=0.1710 | MAPE=16.76% | lr=5.00e-04 | 16s
2026-04-19 21:38:39.460 | DEBUG    | trainer:_save_checkpoint:186 - Checkpoint saved → models/saved/best_rice.pt
2026-04-19 21:38:39.857 | INFO     | trainer:train:141 - Epoch 036/100 | train_loss=0.0192 | val_loss=0.0229 | MAE=0.1729 | MAPE=16.94% | lr=5.00e-04 | 16s
2026-04-19 21:38:40.239 | INFO     | trainer:train:141 - Epoch 037/100 | train_loss=0.0198 | val_loss=0.0218 | MAE=0.1653 | MAPE=16.20% | lr=5.00e-04 | 17s
2026-04-19 21:38:40.252 | DEBUG    | trainer:_save_checkpoint:186 - Checkpoint saved → models/saved/best_rice.pt
2026-04-19 21:38:40.692 | INFO     | trainer:train:141 - Epoch 038/100 | train_loss=0.0194 | val_loss=0.0204 | MAE=0.1631 | MAPE=15.95% | lr=5.00e-04 | 17s
2026-04-19 21:38:40.708 | DEBUG    | trainer:_save_checkpoint:186 - Checkpoint saved → models/saved/best_rice.pt
2026-04-19 21:38:41.196 | INFO     | trainer:train:141 - Epoch 039/100 | train_loss=0.0174 | val_loss=0.0177 | MAE=0.1504 | MAPE=14.74% | lr=5.00e-04 | 18s
2026-04-19 21:38:41.211 | DEBUG    | trainer:_save_checkpoint:186 - Checkpoint saved → models/saved/best_rice.pt
2026-04-19 21:38:41.691 | INFO     | trainer:train:141 - Epoch 040/100 | train_loss=0.0172 | val_loss=0.0154 | MAE=0.1390 | MAPE=13.65% | lr=5.00e-04 | 18s
2026-04-19 21:38:41.706 | DEBUG    | trainer:_save_checkpoint:186 - Checkpoint saved → models/saved/best_rice.pt
2026-04-19 21:38:42.168 | INFO     | trainer:train:141 - Epoch 041/100 | train_loss=0.0179 | val_loss=0.0173 | MAE=0.1465 | MAPE=14.39% | lr=5.00e-04 | 19s
2026-04-19 21:38:42.625 | INFO     | trainer:train:141 - Epoch 042/100 | train_loss=0.0171 | val_loss=0.0135 | MAE=0.1314 | MAPE=12.91% | lr=5.00e-04 | 19s
2026-04-19 21:38:42.642 | DEBUG    | trainer:_save_checkpoint:186 - Checkpoint saved → models/saved/best_rice.pt
2026-04-19 21:38:43.130 | INFO     | trainer:train:141 - Epoch 043/100 | train_loss=0.0153 | val_loss=0.0100 | MAE=0.1113 | MAPE=10.96% | lr=5.00e-04 | 20s
2026-04-19 21:38:43.144 | DEBUG    | trainer:_save_checkpoint:186 - Checkpoint saved → models/saved/best_rice.pt
2026-04-19 21:38:43.604 | INFO     | trainer:train:141 - Epoch 044/100 | train_loss=0.0166 | val_loss=0.0086 | MAE=0.1024 | MAPE=10.19% | lr=5.00e-04 | 20s
2026-04-19 21:38:43.619 | DEBUG    | trainer:_save_checkpoint:186 - Checkpoint saved → models/saved/best_rice.pt
2026-04-19 21:38:44.043 | INFO     | trainer:train:141 - Epoch 045/100 | train_loss=0.0158 | val_loss=0.0182 | MAE=0.1551 | MAPE=15.13% | lr=5.00e-04 | 21s
2026-04-19 21:38:44.462 | INFO     | trainer:train:141 - Epoch 046/100 | train_loss=0.0158 | val_loss=0.0110 | MAE=0.1195 | MAPE=11.86% | lr=5.00e-04 | 21s
2026-04-19 21:38:44.921 | INFO     | trainer:train:141 - Epoch 047/100 | train_loss=0.0148 | val_loss=0.0099 | MAE=0.1124 | MAPE=11.10% | lr=5.00e-04 | 21s
2026-04-19 21:38:45.346 | INFO     | trainer:train:141 - Epoch 048/100 | train_loss=0.0124 | val_loss=0.0078 | MAE=0.0965 | MAPE=9.58% | lr=5.00e-04 | 22s
2026-04-19 21:38:45.361 | DEBUG    | trainer:_save_checkpoint:186 - Checkpoint saved → models/saved/best_rice.pt
2026-04-19 21:38:45.758 | INFO     | trainer:train:141 - Epoch 049/100 | train_loss=0.0120 | val_loss=0.0085 | MAE=0.0996 | MAPE=9.83% | lr=5.00e-04 | 22s
2026-04-19 21:38:46.148 | INFO     | trainer:train:141 - Epoch 050/100 | train_loss=0.0113 | val_loss=0.0085 | MAE=0.0973 | MAPE=9.64% | lr=5.00e-04 | 23s
2026-04-19 21:38:46.541 | INFO     | trainer:train:141 - Epoch 051/100 | train_loss=0.0113 | val_loss=0.0103 | MAE=0.1115 | MAPE=10.84% | lr=5.00e-04 | 23s
2026-04-19 21:38:46.937 | INFO     | trainer:train:141 - Epoch 052/100 | train_loss=0.0116 | val_loss=0.0225 | MAE=0.1832 | MAPE=18.05% | lr=5.00e-04 | 24s
2026-04-19 21:38:47.331 | INFO     | trainer:train:141 - Epoch 053/100 | train_loss=0.0104 | val_loss=0.0126 | MAE=0.1263 | MAPE=12.24% | lr=5.00e-04 | 24s
2026-04-19 21:38:47.733 | INFO     | trainer:train:141 - Epoch 054/100 | train_loss=0.0107 | val_loss=0.0080 | MAE=0.1020 | MAPE=10.12% | lr=2.50e-04 | 24s
2026-04-19 21:38:48.136 | INFO     | trainer:train:141 - Epoch 055/100 | train_loss=0.0108 | val_loss=0.0099 | MAE=0.1144 | MAPE=11.30% | lr=2.50e-04 | 25s
2026-04-19 21:38:48.535 | INFO     | trainer:train:141 - Epoch 056/100 | train_loss=0.0096 | val_loss=0.0117 | MAE=0.1239 | MAPE=12.12% | lr=2.50e-04 | 25s
2026-04-19 21:38:48.935 | INFO     | trainer:train:141 - Epoch 057/100 | train_loss=0.0081 | val_loss=0.0093 | MAE=0.1069 | MAPE=10.47% | lr=2.50e-04 | 25s
2026-04-19 21:38:49.338 | INFO     | trainer:train:141 - Epoch 058/100 | train_loss=0.0094 | val_loss=0.0089 | MAE=0.1061 | MAPE=10.54% | lr=2.50e-04 | 26s
2026-04-19 21:38:49.744 | INFO     | trainer:train:141 - Epoch 059/100 | train_loss=0.0090 | val_loss=0.0112 | MAE=0.1233 | MAPE=12.15% | lr=2.50e-04 | 26s
2026-04-19 21:38:50.145 | INFO     | trainer:train:141 - Epoch 060/100 | train_loss=0.0073 | val_loss=0.0122 | MAE=0.1313 | MAPE=12.99% | lr=1.25e-04 | 27s
2026-04-19 21:38:50.546 | INFO     | trainer:train:141 - Epoch 061/100 | train_loss=0.0071 | val_loss=0.0121 | MAE=0.1296 | MAPE=12.78% | lr=1.25e-04 | 27s
2026-04-19 21:38:50.983 | INFO     | trainer:train:141 - Epoch 062/100 | train_loss=0.0071 | val_loss=0.0115 | MAE=0.1258 | MAPE=12.38% | lr=1.25e-04 | 28s
2026-04-19 21:38:51.401 | INFO     | trainer:train:141 - Epoch 063/100 | train_loss=0.0070 | val_loss=0.0109 | MAE=0.1216 | MAPE=11.94% | lr=1.25e-04 | 28s
2026-04-19 21:38:51.401 | INFO     | trainer:train:156 - Early stopping at epoch 63 (patience=15)
2026-04-19 21:38:51.401 | INFO     | trainer:train:160 - Training complete in 28.0s | best val_loss=0.0078
2026-04-19 21:38:51.401 | INFO     | __main__:main:124 - Step 4/4: Evaluating on test set...
2026-04-19 21:38:51.420 | INFO     | trainer:_load_checkpoint:192 - Loaded best checkpoint from epoch 48
2026-04-19 21:38:51.459 | INFO     | trainer:evaluate:174 - Test metrics: {'mae': 0.1006, 'rmse': 0.1408, 'mape': 11.5491}
2026-04-19 21:38:51.459 | INFO     | __main__:main:126 - Final test metrics:
2026-04-19 21:38:51.459 | INFO     | __main__:main:127 -   MAE:  0.1006
2026-04-19 21:38:51.459 | INFO     | __main__:main:128 -   RMSE: 0.1408
2026-04-19 21:38:51.459 | INFO     | __main__:main:129 -   MAPE: 11.55%
2026-04-19 21:38:51.633 | INFO     | __main__:plot_training_curves:75 - Training curves saved → models/saved/training_curves_rice.png
2026-04-19 21:38:51.633 | INFO     | __main__:main:135 - ============================================================
2026-04-19 21:38:51.633 | INFO     | __main__:main:136 - Training complete!
2026-04-19 21:38:51.633 | INFO     | __main__:main:137 - Model saved → models/saved/best_rice.pt
2026-04-19 21:38:51.633 | INFO     | __main__:main:138 - Scalers saved → models/scalers/scalers_rice.pkl
2026-04-19 21:38:51.633 | INFO     | __main__:main:139 - ============================================================
2026-04-19 21:38:51.633 | INFO     | __main__:main:140 - Run the API: uvicorn api.main:app --reload
