2026-04-19 21:40:37.120 | INFO     | __main__:main:94 - ============================================================
2026-04-19 21:40:37.120 | INFO     | __main__:main:95 - Smart Farming — Crop Price Prediction
2026-04-19 21:40:37.120 | INFO     | __main__:main:96 - Crop: barley | State: Punjab
2026-04-19 21:40:37.120 | INFO     | __main__:main:97 - Period: 2021-04-20 → 2026-04-19
2026-04-19 21:40:37.120 | INFO     | __main__:main:98 - ============================================================
2026-04-19 21:40:37.120 | INFO     | __main__:main:101 - Step 1/4: Fetching data...
2026-04-19 21:40:37.120 | WARNING  | fetcher:fetch:65 - No API keys found — using synthetic data generator
2026-04-19 21:40:37.121 | INFO     | fetcher:_generate_synthetic:190 - Generated 1826 synthetic rows for barley in Punjab
2026-04-19 21:40:37.121 | WARNING  | fetcher:fetch:228 - No OpenWeather key — using climate normals
2026-04-19 21:40:37.133 | INFO     | __main__:main:108 - Price rows: 1826 | Weather rows: 1826
2026-04-19 21:40:37.133 | INFO     | __main__:main:111 - Step 2/4: Preprocessing...
2026-04-19 21:40:37.138 | INFO     | preprocessor:merge_datasets:69 - Merged dataset: 1796 rows, 24 columns
2026-04-19 21:40:37.143 | INFO     | preprocessor:save_scalers:99 - Scalers saved → models/scalers/scalers_barley.pkl
2026-04-19 21:40:37.149 | INFO     | preprocessor:make_dataloaders:181 - Sequences → train: 1280, val: 256, test: 171
2026-04-19 21:40:37.149 | INFO     | __main__:main:118 - Step 3/4: Training LSTM...
2026-04-19 21:40:37.164 | INFO     | lstm_model:get_device:113 - Using Apple MPS
2026-04-19 21:40:37.169 | INFO     | lstm_model:__init__:57 - CropPriceLSTM | features=12 | hidden=128 | layers=3 | horizon=30d | params=347,358
2026-04-19 21:40:37.177 | INFO     | lstm_model:get_device:113 - Using Apple MPS
2026-04-19 21:40:37.572 | INFO     | trainer:train:122 - Training started: 100 epochs | crop=barley
2026-04-19 21:40:37.572 | INFO     | trainer:train:123 - ------------------------------------------------------------
2026-04-19 21:40:38.202 | INFO     | trainer:train:141 - Epoch 001/100 | train_loss=0.1179 | val_loss=0.0922 | MAE=0.3635 | MAPE=37.81% | lr=1.00e-03 | 1s
2026-04-19 21:40:38.219 | DEBUG    | trainer:_save_checkpoint:186 - Checkpoint saved → models/saved/best_barley.pt
2026-04-19 21:40:38.640 | INFO     | trainer:train:141 - Epoch 002/100 | train_loss=0.0642 | val_loss=0.1021 | MAE=0.4081 | MAPE=41.51% | lr=1.00e-03 | 1s
2026-04-19 21:40:39.036 | INFO     | trainer:train:141 - Epoch 003/100 | train_loss=0.0516 | val_loss=0.0788 | MAE=0.3574 | MAPE=36.07% | lr=1.00e-03 | 1s
2026-04-19 21:40:39.052 | DEBUG    | trainer:_save_checkpoint:186 - Checkpoint saved → models/saved/best_barley.pt
2026-04-19 21:40:39.469 | INFO     | trainer:train:141 - Epoch 004/100 | train_loss=0.0502 | val_loss=0.0783 | MAE=0.3573 | MAPE=36.24% | lr=1.00e-03 | 2s
2026-04-19 21:40:39.483 | DEBUG    | trainer:_save_checkpoint:186 - Checkpoint saved → models/saved/best_barley.pt
2026-04-19 21:40:39.906 | INFO     | trainer:train:141 - Epoch 005/100 | train_loss=0.0448 | val_loss=0.0726 | MAE=0.3316 | MAPE=33.53% | lr=1.00e-03 | 2s
2026-04-19 21:40:39.920 | DEBUG    | trainer:_save_checkpoint:186 - Checkpoint saved → models/saved/best_barley.pt
2026-04-19 21:40:40.356 | INFO     | trainer:train:141 - Epoch 006/100 | train_loss=0.0493 | val_loss=0.0773 | MAE=0.3467 | MAPE=35.20% | lr=1.00e-03 | 3s
2026-04-19 21:40:40.787 | INFO     | trainer:train:141 - Epoch 007/100 | train_loss=0.0429 | val_loss=0.0641 | MAE=0.3108 | MAPE=31.58% | lr=1.00e-03 | 3s
2026-04-19 21:40:40.801 | DEBUG    | trainer:_save_checkpoint:186 - Checkpoint saved → models/saved/best_barley.pt
2026-04-19 21:40:41.270 | INFO     | trainer:train:141 - Epoch 008/100 | train_loss=0.0405 | val_loss=0.0574 | MAE=0.2849 | MAPE=28.64% | lr=1.00e-03 | 4s
2026-04-19 21:40:41.285 | DEBUG    | trainer:_save_checkpoint:186 - Checkpoint saved → models/saved/best_barley.pt
2026-04-19 21:40:41.714 | INFO     | trainer:train:141 - Epoch 009/100 | train_loss=0.0409 | val_loss=0.0554 | MAE=0.2872 | MAPE=28.80% | lr=1.00e-03 | 4s
2026-04-19 21:40:41.728 | DEBUG    | trainer:_save_checkpoint:186 - Checkpoint saved → models/saved/best_barley.pt
2026-04-19 21:40:42.152 | INFO     | trainer:train:141 - Epoch 010/100 | train_loss=0.0382 | val_loss=0.0497 | MAE=0.2680 | MAPE=26.64% | lr=1.00e-03 | 5s
2026-04-19 21:40:42.166 | DEBUG    | trainer:_save_checkpoint:186 - Checkpoint saved → models/saved/best_barley.pt
2026-04-19 21:40:42.590 | INFO     | trainer:train:141 - Epoch 011/100 | train_loss=0.0355 | val_loss=0.0407 | MAE=0.2379 | MAPE=23.57% | lr=1.00e-03 | 5s
2026-04-19 21:40:42.604 | DEBUG    | trainer:_save_checkpoint:186 - Checkpoint saved → models/saved/best_barley.pt
2026-04-19 21:40:43.032 | INFO     | trainer:train:141 - Epoch 012/100 | train_loss=0.0364 | val_loss=0.0383 | MAE=0.2290 | MAPE=22.79% | lr=1.00e-03 | 5s
2026-04-19 21:40:43.046 | DEBUG    | trainer:_save_checkpoint:186 - Checkpoint saved → models/saved/best_barley.pt
2026-04-19 21:40:43.471 | INFO     | trainer:train:141 - Epoch 013/100 | train_loss=0.0383 | val_loss=0.0415 | MAE=0.2443 | MAPE=24.11% | lr=1.00e-03 | 6s
2026-04-19 21:40:43.876 | INFO     | trainer:train:141 - Epoch 014/100 | train_loss=0.0283 | val_loss=0.0267 | MAE=0.1847 | MAPE=18.37% | lr=1.00e-03 | 6s
2026-04-19 21:40:43.890 | DEBUG    | trainer:_save_checkpoint:186 - Checkpoint saved → models/saved/best_barley.pt
2026-04-19 21:40:44.298 | INFO     | trainer:train:141 - Epoch 015/100 | train_loss=0.0308 | val_loss=0.0290 | MAE=0.1998 | MAPE=19.56% | lr=1.00e-03 | 7s
2026-04-19 21:40:44.723 | INFO     | trainer:train:141 - Epoch 016/100 | train_loss=0.0325 | val_loss=0.0320 | MAE=0.2133 | MAPE=20.83% | lr=1.00e-03 | 7s
2026-04-19 21:40:45.152 | INFO     | trainer:train:141 - Epoch 017/100 | train_loss=0.0300 | val_loss=0.0290 | MAE=0.2003 | MAPE=19.61% | lr=1.00e-03 | 8s
2026-04-19 21:40:45.549 | INFO     | trainer:train:141 - Epoch 018/100 | train_loss=0.0301 | val_loss=0.0270 | MAE=0.1923 | MAPE=18.71% | lr=1.00e-03 | 8s
2026-04-19 21:40:45.945 | INFO     | trainer:train:141 - Epoch 019/100 | train_loss=0.0258 | val_loss=0.0326 | MAE=0.2224 | MAPE=21.96% | lr=1.00e-03 | 8s
2026-04-19 21:40:46.359 | INFO     | trainer:train:141 - Epoch 020/100 | train_loss=0.0199 | val_loss=0.0212 | MAE=0.1707 | MAPE=16.67% | lr=1.00e-03 | 9s
2026-04-19 21:40:46.373 | DEBUG    | trainer:_save_checkpoint:186 - Checkpoint saved → models/saved/best_barley.pt
2026-04-19 21:40:46.809 | INFO     | trainer:train:141 - Epoch 021/100 | train_loss=0.0260 | val_loss=0.0280 | MAE=0.2036 | MAPE=19.95% | lr=1.00e-03 | 9s
2026-04-19 21:40:47.231 | INFO     | trainer:train:141 - Epoch 022/100 | train_loss=0.0218 | val_loss=0.0194 | MAE=0.1610 | MAPE=15.73% | lr=1.00e-03 | 10s
2026-04-19 21:40:47.245 | DEBUG    | trainer:_save_checkpoint:186 - Checkpoint saved → models/saved/best_barley.pt
2026-04-19 21:40:47.668 | INFO     | trainer:train:141 - Epoch 023/100 | train_loss=0.0259 | val_loss=0.0235 | MAE=0.1791 | MAPE=17.52% | lr=1.00e-03 | 10s
2026-04-19 21:40:48.085 | INFO     | trainer:train:141 - Epoch 024/100 | train_loss=0.0240 | val_loss=0.0247 | MAE=0.1888 | MAPE=18.45% | lr=1.00e-03 | 11s
2026-04-19 21:40:48.493 | INFO     | trainer:train:141 - Epoch 025/100 | train_loss=0.0197 | val_loss=0.0168 | MAE=0.1498 | MAPE=14.54% | lr=1.00e-03 | 11s
2026-04-19 21:40:48.507 | DEBUG    | trainer:_save_checkpoint:186 - Checkpoint saved → models/saved/best_barley.pt
2026-04-19 21:40:48.925 | INFO     | trainer:train:141 - Epoch 026/100 | train_loss=0.0241 | val_loss=0.0150 | MAE=0.1367 | MAPE=13.49% | lr=1.00e-03 | 11s
2026-04-19 21:40:48.941 | DEBUG    | trainer:_save_checkpoint:186 - Checkpoint saved → models/saved/best_barley.pt
2026-04-19 21:40:49.357 | INFO     | trainer:train:141 - Epoch 027/100 | train_loss=0.0260 | val_loss=0.0212 | MAE=0.1675 | MAPE=16.19% | lr=1.00e-03 | 12s
2026-04-19 21:40:49.773 | INFO     | trainer:train:141 - Epoch 028/100 | train_loss=0.0191 | val_loss=0.0192 | MAE=0.1639 | MAPE=16.14% | lr=1.00e-03 | 12s
2026-04-19 21:40:50.181 | INFO     | trainer:train:141 - Epoch 029/100 | train_loss=0.0213 | val_loss=0.0194 | MAE=0.1590 | MAPE=15.57% | lr=1.00e-03 | 13s
2026-04-19 21:40:50.590 | INFO     | trainer:train:141 - Epoch 030/100 | train_loss=0.0204 | val_loss=0.0172 | MAE=0.1473 | MAPE=14.48% | lr=1.00e-03 | 13s
2026-04-19 21:40:51.006 | INFO     | trainer:train:141 - Epoch 031/100 | train_loss=0.0207 | val_loss=0.0165 | MAE=0.1465 | MAPE=14.36% | lr=1.00e-03 | 13s
2026-04-19 21:40:51.414 | INFO     | trainer:train:141 - Epoch 032/100 | train_loss=0.0189 | val_loss=0.0147 | MAE=0.1365 | MAPE=13.27% | lr=1.00e-03 | 14s
2026-04-19 21:40:51.428 | DEBUG    | trainer:_save_checkpoint:186 - Checkpoint saved → models/saved/best_barley.pt
2026-04-19 21:40:51.838 | INFO     | trainer:train:141 - Epoch 033/100 | train_loss=0.0182 | val_loss=0.0182 | MAE=0.1589 | MAPE=15.59% | lr=1.00e-03 | 14s
2026-04-19 21:40:52.239 | INFO     | trainer:train:141 - Epoch 034/100 | train_loss=0.0169 | val_loss=0.0164 | MAE=0.1462 | MAPE=14.28% | lr=1.00e-03 | 15s
2026-04-19 21:40:52.645 | INFO     | trainer:train:141 - Epoch 035/100 | train_loss=0.0162 | val_loss=0.0165 | MAE=0.1466 | MAPE=14.27% | lr=1.00e-03 | 15s
2026-04-19 21:40:53.058 | INFO     | trainer:train:141 - Epoch 036/100 | train_loss=0.0148 | val_loss=0.0159 | MAE=0.1436 | MAPE=13.97% | lr=1.00e-03 | 15s
2026-04-19 21:40:53.468 | INFO     | trainer:train:141 - Epoch 037/100 | train_loss=0.0131 | val_loss=0.0144 | MAE=0.1379 | MAPE=13.43% | lr=1.00e-03 | 16s
2026-04-19 21:40:53.483 | DEBUG    | trainer:_save_checkpoint:186 - Checkpoint saved → models/saved/best_barley.pt
2026-04-19 21:40:53.893 | INFO     | trainer:train:141 - Epoch 038/100 | train_loss=0.0163 | val_loss=0.0113 | MAE=0.1243 | MAPE=12.26% | lr=1.00e-03 | 16s
2026-04-19 21:40:53.907 | DEBUG    | trainer:_save_checkpoint:186 - Checkpoint saved → models/saved/best_barley.pt
2026-04-19 21:40:54.375 | INFO     | trainer:train:141 - Epoch 039/100 | train_loss=0.0161 | val_loss=0.0117 | MAE=0.1232 | MAPE=12.05% | lr=1.00e-03 | 17s
2026-04-19 21:40:54.853 | INFO     | trainer:train:141 - Epoch 040/100 | train_loss=0.0137 | val_loss=0.0057 | MAE=0.0828 | MAPE=8.51% | lr=1.00e-03 | 17s
2026-04-19 21:40:54.867 | DEBUG    | trainer:_save_checkpoint:186 - Checkpoint saved → models/saved/best_barley.pt
2026-04-19 21:40:55.340 | INFO     | trainer:train:141 - Epoch 041/100 | train_loss=0.0203 | val_loss=0.0211 | MAE=0.1677 | MAPE=16.23% | lr=1.00e-03 | 18s
2026-04-19 21:40:55.768 | INFO     | trainer:train:141 - Epoch 042/100 | train_loss=0.0189 | val_loss=0.0208 | MAE=0.1659 | MAPE=16.00% | lr=1.00e-03 | 18s
2026-04-19 21:40:56.175 | INFO     | trainer:train:141 - Epoch 043/100 | train_loss=0.0179 | val_loss=0.0188 | MAE=0.1565 | MAPE=15.11% | lr=1.00e-03 | 19s
2026-04-19 21:40:56.591 | INFO     | trainer:train:141 - Epoch 044/100 | train_loss=0.0157 | val_loss=0.0158 | MAE=0.1435 | MAPE=13.90% | lr=1.00e-03 | 19s
2026-04-19 21:40:56.998 | INFO     | trainer:train:141 - Epoch 045/100 | train_loss=0.0141 | val_loss=0.0126 | MAE=0.1274 | MAPE=12.31% | lr=1.00e-03 | 19s
2026-04-19 21:40:57.399 | INFO     | trainer:train:141 - Epoch 046/100 | train_loss=0.0135 | val_loss=0.0108 | MAE=0.1176 | MAPE=11.41% | lr=5.00e-04 | 20s
2026-04-19 21:40:57.810 | INFO     | trainer:train:141 - Epoch 047/100 | train_loss=0.0116 | val_loss=0.0167 | MAE=0.1587 | MAPE=15.75% | lr=5.00e-04 | 20s
2026-04-19 21:40:58.218 | INFO     | trainer:train:141 - Epoch 048/100 | train_loss=0.0093 | val_loss=0.0142 | MAE=0.1427 | MAPE=14.07% | lr=5.00e-04 | 21s
2026-04-19 21:40:58.618 | INFO     | trainer:train:141 - Epoch 049/100 | train_loss=0.0076 | val_loss=0.0147 | MAE=0.1458 | MAPE=14.37% | lr=5.00e-04 | 21s
2026-04-19 21:40:59.027 | INFO     | trainer:train:141 - Epoch 050/100 | train_loss=0.0074 | val_loss=0.0125 | MAE=0.1318 | MAPE=12.94% | lr=5.00e-04 | 21s
2026-04-19 21:40:59.441 | INFO     | trainer:train:141 - Epoch 051/100 | train_loss=0.0073 | val_loss=0.0122 | MAE=0.1306 | MAPE=12.83% | lr=5.00e-04 | 22s
2026-04-19 21:40:59.858 | INFO     | trainer:train:141 - Epoch 052/100 | train_loss=0.0075 | val_loss=0.0114 | MAE=0.1256 | MAPE=12.32% | lr=2.50e-04 | 22s
2026-04-19 21:41:00.273 | INFO     | trainer:train:141 - Epoch 053/100 | train_loss=0.0071 | val_loss=0.0137 | MAE=0.1440 | MAPE=14.37% | lr=2.50e-04 | 23s
2026-04-19 21:41:00.709 | INFO     | trainer:train:141 - Epoch 054/100 | train_loss=0.0069 | val_loss=0.0120 | MAE=0.1310 | MAPE=12.94% | lr=2.50e-04 | 23s
2026-04-19 21:41:01.126 | INFO     | trainer:train:141 - Epoch 055/100 | train_loss=0.0068 | val_loss=0.0115 | MAE=0.1279 | MAPE=12.62% | lr=2.50e-04 | 24s
2026-04-19 21:41:01.126 | INFO     | trainer:train:156 - Early stopping at epoch 55 (patience=15)
2026-04-19 21:41:01.126 | INFO     | trainer:train:160 - Training complete in 23.6s | best val_loss=0.0057
2026-04-19 21:41:01.127 | INFO     | __main__:main:124 - Step 4/4: Evaluating on test set...
2026-04-19 21:41:01.145 | INFO     | trainer:_load_checkpoint:192 - Loaded best checkpoint from epoch 40
2026-04-19 21:41:01.181 | INFO     | trainer:evaluate:174 - Test metrics: {'mae': 0.0756, 'rmse': 0.1161, 'mape': 8.5605}
2026-04-19 21:41:01.181 | INFO     | __main__:main:126 - Final test metrics:
2026-04-19 21:41:01.181 | INFO     | __main__:main:127 -   MAE:  0.0756
2026-04-19 21:41:01.181 | INFO     | __main__:main:128 -   RMSE: 0.1161
2026-04-19 21:41:01.181 | INFO     | __main__:main:129 -   MAPE: 8.56%
2026-04-19 21:41:01.353 | INFO     | __main__:plot_training_curves:75 - Training curves saved → models/saved/training_curves_barley.png
2026-04-19 21:41:01.353 | INFO     | __main__:main:135 - ============================================================
2026-04-19 21:41:01.353 | INFO     | __main__:main:136 - Training complete!
2026-04-19 21:41:01.353 | INFO     | __main__:main:137 - Model saved → models/saved/best_barley.pt
2026-04-19 21:41:01.353 | INFO     | __main__:main:138 - Scalers saved → models/scalers/scalers_barley.pkl
2026-04-19 21:41:01.353 | INFO     | __main__:main:139 - ============================================================
2026-04-19 21:41:01.353 | INFO     | __main__:main:140 - Run the API: uvicorn api.main:app --reload
