2026-04-19 21:40:09.794 | INFO     | __main__:main:94 - ============================================================
2026-04-19 21:40:09.794 | INFO     | __main__:main:95 - Smart Farming — Crop Price Prediction
2026-04-19 21:40:09.794 | INFO     | __main__:main:96 - Crop: maize | State: Punjab
2026-04-19 21:40:09.794 | INFO     | __main__:main:97 - Period: 2021-04-20 → 2026-04-19
2026-04-19 21:40:09.794 | INFO     | __main__:main:98 - ============================================================
2026-04-19 21:40:09.794 | INFO     | __main__:main:101 - Step 1/4: Fetching data...
2026-04-19 21:40:09.794 | WARNING  | fetcher:fetch:65 - No API keys found — using synthetic data generator
2026-04-19 21:40:09.795 | INFO     | fetcher:_generate_synthetic:190 - Generated 1826 synthetic rows for maize in Punjab
2026-04-19 21:40:09.795 | WARNING  | fetcher:fetch:228 - No OpenWeather key — using climate normals
2026-04-19 21:40:09.809 | INFO     | __main__:main:108 - Price rows: 1826 | Weather rows: 1826
2026-04-19 21:40:09.809 | INFO     | __main__:main:111 - Step 2/4: Preprocessing...
2026-04-19 21:40:09.813 | INFO     | preprocessor:merge_datasets:69 - Merged dataset: 1796 rows, 24 columns
2026-04-19 21:40:09.819 | INFO     | preprocessor:save_scalers:99 - Scalers saved → models/scalers/scalers_maize.pkl
2026-04-19 21:40:09.825 | INFO     | preprocessor:make_dataloaders:181 - Sequences → train: 1280, val: 256, test: 171
2026-04-19 21:40:09.826 | INFO     | __main__:main:118 - Step 3/4: Training LSTM...
2026-04-19 21:40:09.842 | INFO     | lstm_model:get_device:113 - Using Apple MPS
2026-04-19 21:40:09.848 | INFO     | lstm_model:__init__:57 - CropPriceLSTM | features=12 | hidden=128 | layers=3 | horizon=30d | params=347,358
2026-04-19 21:40:09.858 | INFO     | lstm_model:get_device:113 - Using Apple MPS
2026-04-19 21:40:10.153 | INFO     | trainer:train:122 - Training started: 100 epochs | crop=maize
2026-04-19 21:40:10.153 | INFO     | trainer:train:123 - ------------------------------------------------------------
2026-04-19 21:40:10.826 | INFO     | trainer:train:141 - Epoch 001/100 | train_loss=0.1256 | val_loss=0.1147 | MAE=0.4222 | MAPE=43.30% | lr=1.00e-03 | 1s
2026-04-19 21:40:10.843 | DEBUG    | trainer:_save_checkpoint:186 - Checkpoint saved → models/saved/best_maize.pt
2026-04-19 21:40:11.296 | INFO     | trainer:train:141 - Epoch 002/100 | train_loss=0.0612 | val_loss=0.0964 | MAE=0.4056 | MAPE=41.27% | lr=1.00e-03 | 1s
2026-04-19 21:40:11.311 | DEBUG    | trainer:_save_checkpoint:186 - Checkpoint saved → models/saved/best_maize.pt
2026-04-19 21:40:11.761 | INFO     | trainer:train:141 - Epoch 003/100 | train_loss=0.0518 | val_loss=0.0854 | MAE=0.3831 | MAPE=38.94% | lr=1.00e-03 | 2s
2026-04-19 21:40:11.777 | DEBUG    | trainer:_save_checkpoint:186 - Checkpoint saved → models/saved/best_maize.pt
2026-04-19 21:40:12.209 | INFO     | trainer:train:141 - Epoch 004/100 | train_loss=0.0483 | val_loss=0.0824 | MAE=0.3737 | MAPE=37.87% | lr=1.00e-03 | 2s
2026-04-19 21:40:12.225 | DEBUG    | trainer:_save_checkpoint:186 - Checkpoint saved → models/saved/best_maize.pt
2026-04-19 21:40:12.676 | INFO     | trainer:train:141 - Epoch 005/100 | train_loss=0.0519 | val_loss=0.1002 | MAE=0.4130 | MAPE=42.08% | lr=1.00e-03 | 3s
2026-04-19 21:40:13.096 | INFO     | trainer:train:141 - Epoch 006/100 | train_loss=0.0462 | val_loss=0.0818 | MAE=0.3700 | MAPE=37.68% | lr=1.00e-03 | 3s
2026-04-19 21:40:13.110 | DEBUG    | trainer:_save_checkpoint:186 - Checkpoint saved → models/saved/best_maize.pt
2026-04-19 21:40:13.520 | INFO     | trainer:train:141 - Epoch 007/100 | train_loss=0.0439 | val_loss=0.0740 | MAE=0.3421 | MAPE=34.62% | lr=1.00e-03 | 3s
2026-04-19 21:40:13.535 | DEBUG    | trainer:_save_checkpoint:186 - Checkpoint saved → models/saved/best_maize.pt
2026-04-19 21:40:13.957 | INFO     | trainer:train:141 - Epoch 008/100 | train_loss=0.0452 | val_loss=0.0689 | MAE=0.3165 | MAPE=32.12% | lr=1.00e-03 | 4s
2026-04-19 21:40:13.971 | DEBUG    | trainer:_save_checkpoint:186 - Checkpoint saved → models/saved/best_maize.pt
2026-04-19 21:40:14.390 | INFO     | trainer:train:141 - Epoch 009/100 | train_loss=0.0445 | val_loss=0.0749 | MAE=0.3462 | MAPE=34.89% | lr=1.00e-03 | 4s
2026-04-19 21:40:14.806 | INFO     | trainer:train:141 - Epoch 010/100 | train_loss=0.0469 | val_loss=0.0800 | MAE=0.3636 | MAPE=36.73% | lr=1.00e-03 | 5s
2026-04-19 21:40:15.227 | INFO     | trainer:train:141 - Epoch 011/100 | train_loss=0.0443 | val_loss=0.0762 | MAE=0.3482 | MAPE=35.13% | lr=1.00e-03 | 5s
2026-04-19 21:40:15.647 | INFO     | trainer:train:141 - Epoch 012/100 | train_loss=0.0421 | val_loss=0.0816 | MAE=0.3687 | MAPE=37.26% | lr=1.00e-03 | 5s
2026-04-19 21:40:16.047 | INFO     | trainer:train:141 - Epoch 013/100 | train_loss=0.0431 | val_loss=0.0816 | MAE=0.3708 | MAPE=37.55% | lr=1.00e-03 | 6s
2026-04-19 21:40:16.453 | INFO     | trainer:train:141 - Epoch 014/100 | train_loss=0.0386 | val_loss=0.0714 | MAE=0.3259 | MAPE=32.89% | lr=5.00e-04 | 6s
2026-04-19 21:40:16.882 | INFO     | trainer:train:141 - Epoch 015/100 | train_loss=0.0386 | val_loss=0.0742 | MAE=0.3455 | MAPE=34.90% | lr=5.00e-04 | 7s
2026-04-19 21:40:17.288 | INFO     | trainer:train:141 - Epoch 016/100 | train_loss=0.0371 | val_loss=0.0685 | MAE=0.3172 | MAPE=31.85% | lr=5.00e-04 | 7s
2026-04-19 21:40:17.302 | DEBUG    | trainer:_save_checkpoint:186 - Checkpoint saved → models/saved/best_maize.pt
2026-04-19 21:40:17.709 | INFO     | trainer:train:141 - Epoch 017/100 | train_loss=0.0382 | val_loss=0.0685 | MAE=0.3124 | MAPE=31.36% | lr=5.00e-04 | 8s
2026-04-19 21:40:17.723 | DEBUG    | trainer:_save_checkpoint:186 - Checkpoint saved → models/saved/best_maize.pt
2026-04-19 21:40:18.137 | INFO     | trainer:train:141 - Epoch 018/100 | train_loss=0.0373 | val_loss=0.0667 | MAE=0.3082 | MAPE=30.92% | lr=5.00e-04 | 8s
2026-04-19 21:40:18.152 | DEBUG    | trainer:_save_checkpoint:186 - Checkpoint saved → models/saved/best_maize.pt
2026-04-19 21:40:18.562 | INFO     | trainer:train:141 - Epoch 019/100 | train_loss=0.0379 | val_loss=0.0668 | MAE=0.3112 | MAPE=31.33% | lr=5.00e-04 | 8s
2026-04-19 21:40:18.956 | INFO     | trainer:train:141 - Epoch 020/100 | train_loss=0.0355 | val_loss=0.0649 | MAE=0.3068 | MAPE=30.76% | lr=5.00e-04 | 9s
2026-04-19 21:40:18.970 | DEBUG    | trainer:_save_checkpoint:186 - Checkpoint saved → models/saved/best_maize.pt
2026-04-19 21:40:19.356 | INFO     | trainer:train:141 - Epoch 021/100 | train_loss=0.0352 | val_loss=0.0618 | MAE=0.2950 | MAPE=29.61% | lr=5.00e-04 | 9s
2026-04-19 21:40:19.370 | DEBUG    | trainer:_save_checkpoint:186 - Checkpoint saved → models/saved/best_maize.pt
2026-04-19 21:40:19.783 | INFO     | trainer:train:141 - Epoch 022/100 | train_loss=0.0347 | val_loss=0.0599 | MAE=0.2910 | MAPE=29.16% | lr=5.00e-04 | 10s
2026-04-19 21:40:19.796 | DEBUG    | trainer:_save_checkpoint:186 - Checkpoint saved → models/saved/best_maize.pt
2026-04-19 21:40:20.207 | INFO     | trainer:train:141 - Epoch 023/100 | train_loss=0.0332 | val_loss=0.0571 | MAE=0.2862 | MAPE=28.63% | lr=5.00e-04 | 10s
2026-04-19 21:40:20.222 | DEBUG    | trainer:_save_checkpoint:186 - Checkpoint saved → models/saved/best_maize.pt
2026-04-19 21:40:20.636 | INFO     | trainer:train:141 - Epoch 024/100 | train_loss=0.0321 | val_loss=0.0546 | MAE=0.2790 | MAPE=27.88% | lr=5.00e-04 | 10s
2026-04-19 21:40:20.649 | DEBUG    | trainer:_save_checkpoint:186 - Checkpoint saved → models/saved/best_maize.pt
2026-04-19 21:40:21.049 | INFO     | trainer:train:141 - Epoch 025/100 | train_loss=0.0298 | val_loss=0.0536 | MAE=0.2814 | MAPE=28.11% | lr=5.00e-04 | 11s
2026-04-19 21:40:21.063 | DEBUG    | trainer:_save_checkpoint:186 - Checkpoint saved → models/saved/best_maize.pt
2026-04-19 21:40:21.470 | INFO     | trainer:train:141 - Epoch 026/100 | train_loss=0.0270 | val_loss=0.0430 | MAE=0.2419 | MAPE=24.11% | lr=5.00e-04 | 11s
2026-04-19 21:40:21.485 | DEBUG    | trainer:_save_checkpoint:186 - Checkpoint saved → models/saved/best_maize.pt
2026-04-19 21:40:21.904 | INFO     | trainer:train:141 - Epoch 027/100 | train_loss=0.0289 | val_loss=0.0491 | MAE=0.2680 | MAPE=26.64% | lr=5.00e-04 | 12s
2026-04-19 21:40:22.351 | INFO     | trainer:train:141 - Epoch 028/100 | train_loss=0.0270 | val_loss=0.0440 | MAE=0.2511 | MAPE=25.02% | lr=5.00e-04 | 12s
2026-04-19 21:40:22.818 | INFO     | trainer:train:141 - Epoch 029/100 | train_loss=0.0270 | val_loss=0.0377 | MAE=0.2208 | MAPE=22.10% | lr=5.00e-04 | 13s
2026-04-19 21:40:22.836 | DEBUG    | trainer:_save_checkpoint:186 - Checkpoint saved → models/saved/best_maize.pt
2026-04-19 21:40:23.229 | INFO     | trainer:train:141 - Epoch 030/100 | train_loss=0.0323 | val_loss=0.0444 | MAE=0.2539 | MAPE=25.17% | lr=5.00e-04 | 13s
2026-04-19 21:40:23.622 | INFO     | trainer:train:141 - Epoch 031/100 | train_loss=0.0248 | val_loss=0.0422 | MAE=0.2492 | MAPE=24.67% | lr=5.00e-04 | 13s
2026-04-19 21:40:24.027 | INFO     | trainer:train:141 - Epoch 032/100 | train_loss=0.0224 | val_loss=0.0380 | MAE=0.2377 | MAPE=23.50% | lr=5.00e-04 | 14s
2026-04-19 21:40:24.438 | INFO     | trainer:train:141 - Epoch 033/100 | train_loss=0.0200 | val_loss=0.0306 | MAE=0.2104 | MAPE=20.71% | lr=5.00e-04 | 14s
2026-04-19 21:40:24.453 | DEBUG    | trainer:_save_checkpoint:186 - Checkpoint saved → models/saved/best_maize.pt
2026-04-19 21:40:24.873 | INFO     | trainer:train:141 - Epoch 034/100 | train_loss=0.0190 | val_loss=0.0285 | MAE=0.2033 | MAPE=20.01% | lr=5.00e-04 | 15s
2026-04-19 21:40:24.887 | DEBUG    | trainer:_save_checkpoint:186 - Checkpoint saved → models/saved/best_maize.pt
2026-04-19 21:40:25.323 | INFO     | trainer:train:141 - Epoch 035/100 | train_loss=0.0203 | val_loss=0.0218 | MAE=0.1741 | MAPE=17.02% | lr=5.00e-04 | 15s
2026-04-19 21:40:25.337 | DEBUG    | trainer:_save_checkpoint:186 - Checkpoint saved → models/saved/best_maize.pt
2026-04-19 21:40:25.771 | INFO     | trainer:train:141 - Epoch 036/100 | train_loss=0.0212 | val_loss=0.0301 | MAE=0.2094 | MAPE=20.59% | lr=5.00e-04 | 16s
2026-04-19 21:40:26.190 | INFO     | trainer:train:141 - Epoch 037/100 | train_loss=0.0193 | val_loss=0.0251 | MAE=0.1901 | MAPE=18.65% | lr=5.00e-04 | 16s
2026-04-19 21:40:26.562 | INFO     | trainer:train:141 - Epoch 038/100 | train_loss=0.0183 | val_loss=0.0179 | MAE=0.1561 | MAPE=15.22% | lr=5.00e-04 | 16s
2026-04-19 21:40:26.576 | DEBUG    | trainer:_save_checkpoint:186 - Checkpoint saved → models/saved/best_maize.pt
2026-04-19 21:40:26.941 | INFO     | trainer:train:141 - Epoch 039/100 | train_loss=0.0197 | val_loss=0.0217 | MAE=0.1742 | MAPE=17.01% | lr=5.00e-04 | 17s
2026-04-19 21:40:27.303 | INFO     | trainer:train:141 - Epoch 040/100 | train_loss=0.0175 | val_loss=0.0175 | MAE=0.1590 | MAPE=15.72% | lr=5.00e-04 | 17s
2026-04-19 21:40:27.318 | DEBUG    | trainer:_save_checkpoint:186 - Checkpoint saved → models/saved/best_maize.pt
2026-04-19 21:40:27.711 | INFO     | trainer:train:141 - Epoch 041/100 | train_loss=0.0181 | val_loss=0.0205 | MAE=0.1716 | MAPE=16.80% | lr=5.00e-04 | 18s
2026-04-19 21:40:28.144 | INFO     | trainer:train:141 - Epoch 042/100 | train_loss=0.0171 | val_loss=0.0117 | MAE=0.1232 | MAPE=12.15% | lr=5.00e-04 | 18s
2026-04-19 21:40:28.158 | DEBUG    | trainer:_save_checkpoint:186 - Checkpoint saved → models/saved/best_maize.pt
2026-04-19 21:40:28.597 | INFO     | trainer:train:141 - Epoch 043/100 | train_loss=0.0159 | val_loss=0.0146 | MAE=0.1490 | MAPE=14.96% | lr=5.00e-04 | 18s
2026-04-19 21:40:29.002 | INFO     | trainer:train:141 - Epoch 044/100 | train_loss=0.0145 | val_loss=0.0113 | MAE=0.1259 | MAPE=12.47% | lr=5.00e-04 | 19s
2026-04-19 21:40:29.016 | DEBUG    | trainer:_save_checkpoint:186 - Checkpoint saved → models/saved/best_maize.pt
2026-04-19 21:40:29.426 | INFO     | trainer:train:141 - Epoch 045/100 | train_loss=0.0126 | val_loss=0.0214 | MAE=0.1844 | MAPE=18.46% | lr=5.00e-04 | 19s
2026-04-19 21:40:29.830 | INFO     | trainer:train:141 - Epoch 046/100 | train_loss=0.0117 | val_loss=0.0138 | MAE=0.1374 | MAPE=13.41% | lr=5.00e-04 | 20s
2026-04-19 21:40:30.235 | INFO     | trainer:train:141 - Epoch 047/100 | train_loss=0.0127 | val_loss=0.0198 | MAE=0.1766 | MAPE=17.68% | lr=5.00e-04 | 20s
2026-04-19 21:40:30.646 | INFO     | trainer:train:141 - Epoch 048/100 | train_loss=0.0115 | val_loss=0.0160 | MAE=0.1516 | MAPE=14.91% | lr=5.00e-04 | 20s
2026-04-19 21:40:31.032 | INFO     | trainer:train:141 - Epoch 049/100 | train_loss=0.0132 | val_loss=0.0174 | MAE=0.1604 | MAPE=15.83% | lr=5.00e-04 | 21s
2026-04-19 21:40:31.400 | INFO     | trainer:train:141 - Epoch 050/100 | train_loss=0.0125 | val_loss=0.0126 | MAE=0.1303 | MAPE=12.72% | lr=2.50e-04 | 21s
2026-04-19 21:40:31.783 | INFO     | trainer:train:141 - Epoch 051/100 | train_loss=0.0137 | val_loss=0.0139 | MAE=0.1413 | MAPE=13.91% | lr=2.50e-04 | 22s
2026-04-19 21:40:32.194 | INFO     | trainer:train:141 - Epoch 052/100 | train_loss=0.0112 | val_loss=0.0145 | MAE=0.1454 | MAPE=14.37% | lr=2.50e-04 | 22s
2026-04-19 21:40:32.610 | INFO     | trainer:train:141 - Epoch 053/100 | train_loss=0.0106 | val_loss=0.0158 | MAE=0.1543 | MAPE=15.36% | lr=2.50e-04 | 22s
2026-04-19 21:40:33.029 | INFO     | trainer:train:141 - Epoch 054/100 | train_loss=0.0101 | val_loss=0.0169 | MAE=0.1603 | MAPE=15.94% | lr=2.50e-04 | 23s
2026-04-19 21:40:33.442 | INFO     | trainer:train:141 - Epoch 055/100 | train_loss=0.0100 | val_loss=0.0132 | MAE=0.1364 | MAPE=13.43% | lr=2.50e-04 | 23s
2026-04-19 21:40:33.848 | INFO     | trainer:train:141 - Epoch 056/100 | train_loss=0.0097 | val_loss=0.0136 | MAE=0.1394 | MAPE=13.74% | lr=1.25e-04 | 24s
2026-04-19 21:40:34.252 | INFO     | trainer:train:141 - Epoch 057/100 | train_loss=0.0092 | val_loss=0.0139 | MAE=0.1409 | MAPE=13.88% | lr=1.25e-04 | 24s
2026-04-19 21:40:34.666 | INFO     | trainer:train:141 - Epoch 058/100 | train_loss=0.0089 | val_loss=0.0143 | MAE=0.1442 | MAPE=14.25% | lr=1.25e-04 | 25s
2026-04-19 21:40:35.081 | INFO     | trainer:train:141 - Epoch 059/100 | train_loss=0.0088 | val_loss=0.0144 | MAE=0.1444 | MAPE=14.26% | lr=1.25e-04 | 25s
2026-04-19 21:40:35.081 | INFO     | trainer:train:156 - Early stopping at epoch 59 (patience=15)
2026-04-19 21:40:35.081 | INFO     | trainer:train:160 - Training complete in 24.9s | best val_loss=0.0113
2026-04-19 21:40:35.081 | INFO     | __main__:main:124 - Step 4/4: Evaluating on test set...
2026-04-19 21:40:35.099 | INFO     | trainer:_load_checkpoint:192 - Loaded best checkpoint from epoch 44
2026-04-19 21:40:35.134 | INFO     | trainer:evaluate:174 - Test metrics: {'mae': 0.1322, 'rmse': 0.1674, 'mape': 14.7883}
2026-04-19 21:40:35.134 | INFO     | __main__:main:126 - Final test metrics:
2026-04-19 21:40:35.134 | INFO     | __main__:main:127 -   MAE:  0.1322
2026-04-19 21:40:35.134 | INFO     | __main__:main:128 -   RMSE: 0.1674
2026-04-19 21:40:35.134 | INFO     | __main__:main:129 -   MAPE: 14.79%
2026-04-19 21:40:35.302 | INFO     | __main__:plot_training_curves:75 - Training curves saved → models/saved/training_curves_maize.png
2026-04-19 21:40:35.302 | INFO     | __main__:main:135 - ============================================================
2026-04-19 21:40:35.302 | INFO     | __main__:main:136 - Training complete!
2026-04-19 21:40:35.302 | INFO     | __main__:main:137 - Model saved → models/saved/best_maize.pt
2026-04-19 21:40:35.302 | INFO     | __main__:main:138 - Scalers saved → models/scalers/scalers_maize.pkl
2026-04-19 21:40:35.302 | INFO     | __main__:main:139 - ============================================================
2026-04-19 21:40:35.302 | INFO     | __main__:main:140 - Run the API: uvicorn api.main:app --reload
